#
# A fatal error has been detected by the Java Runtime Environment:
#
#  EXCEPTION_ACCESS_VIOLATION (0xc0000005) at pc=0x00007ffb3557d422, pid=12956, tid=12000
#
# JRE version: Java(TM) SE Runtime Environment (17.0.6+9) (build 17.0.6+9-LTS-190)
# Java VM: Java HotSpot(TM) 64-Bit Server VM (17.0.6+9-LTS-190, mixed mode, sharing, tiered, compressed oops, compressed class ptrs, g1 gc, windows-amd64)
# Problematic frame:
# V  [jvm.dll+0x57d422]
#
# No core dump will be written. Minidumps are not enabled by default on client versions of Windows
#
# If you would like to submit a bug report, please visit:
#   https://bugreport.java.com/bugreport/crash.jsp
#

---------------  S U M M A R Y ------------

Command Line: -ea -Didea.test.cyclic.buffer.size=1048576 -javaagent:C:\Program Files\JetBrains\IntelliJ IDEA Community Edition 2022.3.2\lib\idea_rt.jar=64638:C:\Program Files\JetBrains\IntelliJ IDEA Community Edition 2022.3.2\bin -Dfile.encoding=UTF-8 com.intellij.rt.junit.JUnitStarter -ideVersion5 -junit5 renderer.ReflectionRefractionTests

Host: AMD Ryzen 7 5700U with Radeon Graphics         , 16 cores, 15G,  Windows 11 , 64 bit Build 22621 (10.0.22621.1635)
Time: Wed May 17 14:49:27 2023 Jerusalem Daylight Time elapsed time: 0.660801 seconds (0d 0h 0m 0s)

---------------  T H R E A D  ---------------

Current thread (0x000001eb5f183b70):  JavaThread "C2 CompilerThread1" daemon [_thread_in_native, id=12000, stack(0x0000004e80d00000,0x0000004e80e00000)]


Current CompileTask:
C2:    660 1399   !   4       geometries.Triangle::findGeoIntersectionsHelper (240 bytes)

Stack: [0x0000004e80d00000,0x0000004e80e00000],  sp=0x0000004e80dfaac0,  free space=1002k
Native frames: (J=compiled Java code, j=interpreted, Vv=VM code, C=native code)
V  [jvm.dll+0x57d422]
V  [jvm.dll+0x57d134]
V  [jvm.dll+0x57c388]
V  [jvm.dll+0x21e142]
V  [jvm.dll+0x2177c5]
V  [jvm.dll+0x215109]
V  [jvm.dll+0x1a1730]
V  [jvm.dll+0x224b6e]
V  [jvm.dll+0x222f15]
V  [jvm.dll+0x78753c]
V  [jvm.dll+0x781a7a]
V  [jvm.dll+0x672375]
C  [ucrtbase.dll+0x29363]
C  [KERNEL32.DLL+0x126ad]
C  [ntdll.dll+0x5a9f8]


siginfo: EXCEPTION_ACCESS_VIOLATION (0xc0000005), reading address 0x0000000000000008


Register to memory mapping:

RIP=0x00007ffb3557d422 jvm.dll
RAX=0x000001eb60c98210 points into unknown readable memory: 0x0000000000000000 | 00 00 00 00 00 00 00 00
RBX=0x0 is NULL
RCX=0x0 is NULL
RDX=0x0000004e80dfaf20 is pointing into the stack for thread: 0x000001eb5f183b70
RSP=0x0000004e80dfaac0 is pointing into the stack for thread: 0x000001eb5f183b70
RBP=0x000001eb602e7138 points into unknown readable memory: 0x00007ffb358b5100 | 00 51 8b 35 fb 7f 00 00
RSI=0x000001eb60ced990 points into unknown readable memory: 0x0000000000000000 | 00 00 00 00 00 00 00 00
RDI=0x0000004e80dfaef0 is pointing into the stack for thread: 0x000001eb5f183b70
R8 =0x000001eb60c98210 points into unknown readable memory: 0x0000000000000000 | 00 00 00 00 00 00 00 00
R9 =0x0000000000002000 is an unknown value
R10=0xfefefefefefefeff is an unknown value
R11=0x8080808080808080 is an unknown value
R12=0x0000004e80dfabb8 is pointing into the stack for thread: 0x000001eb5f183b70
R13=0x0000004e80dfab90 is pointing into the stack for thread: 0x000001eb5f183b70
R14=0x000001eb602e9f20 points into unknown readable memory: 0x00007ffb359350b0 | b0 50 93 35 fb 7f 00 00
R15=0x000001eb60180b30 points into unknown readable memory: 0x00007ffb3584f640 | 40 f6 84 35 fb 7f 00 00


Registers:
RAX=0x000001eb60c98210, RBX=0x0000000000000000, RCX=0x0000000000000000, RDX=0x0000004e80dfaf20
RSP=0x0000004e80dfaac0, RBP=0x000001eb602e7138, RSI=0x000001eb60ced990, RDI=0x0000004e80dfaef0
R8 =0x000001eb60c98210, R9 =0x0000000000002000, R10=0xfefefefefefefeff, R11=0x8080808080808080
R12=0x0000004e80dfabb8, R13=0x0000004e80dfab90, R14=0x000001eb602e9f20, R15=0x000001eb60180b30
RIP=0x00007ffb3557d422, EFLAGS=0x0000000000010202

Top of Stack: (sp=0x0000004e80dfaac0)
0x0000004e80dfaac0:   0000004e80dfaef0 000001eb602e9f20
0x0000004e80dfaad0:   000001eb60180b30 000001eb602e7138
0x0000004e80dfaae0:   0000000000000003 0000004e80dfabd8
0x0000004e80dfaaf0:   000001eb60643b98 00007ffb3557d134
0x0000004e80dfab00:   0000000000000012 000000000000003f
0x0000004e80dfab10:   0000004e80dfabb8 000001eb602e9f20
0x0000004e80dfab20:   000001eb5f0c2c00 000001eb5f0c2bb0
0x0000004e80dfab30:   000001eb5f9409e8 0000004e80dfac60
0x0000004e80dfab40:   000001eb3b161710 0000000000000000
0x0000004e80dfab50:   0000004e80dfaef0 00007ffb3557c388
0x0000004e80dfab60:   0000004e80dfaef0 0000000000000001
0x0000004e80dfab70:   000001eb00000003 0000004e80dfabd8
0x0000004e80dfab80:   000001eb5f0023e0 000001eb5f86e620
0x0000004e80dfab90:   000001eb5f10d040 0000000000000200
0x0000004e80dfaba0:   000001eb60d3fb50 00000000000001cd
0x0000004e80dfabb0:   0000000000000000 0000000000000080 

Instructions: (pc=0x00007ffb3557d422)
0x00007ffb3557d322:   4a 0d 00 48 8b 47 30 48 c7 04 d8 00 00 00 00 48
0x00007ffb3557d332:   83 c4 20 41 5e 5f 5b c3 49 8b d6 4c 89 7c 24 58
0x00007ffb3557d342:   48 8b cf e8 26 c8 fe ff 45 33 c9 4c 8b c0 49 8b
0x00007ffb3557d352:   d6 48 8b cf 4c 8b f8 e8 62 13 00 00 41 8b 4e 2c
0x00007ffb3557d362:   48 8b d8 83 e1 3f 80 f9 30 75 19 49 3b c7 74 14
0x00007ffb3557d372:   4c 8b c8 4d 8b c7 49 8b d6 48 8b cf e8 dd 3b 00
0x00007ffb3557d382:   00 48 8b d8 48 89 74 24 48 48 85 db 75 55 41 8b
0x00007ffb3557d392:   5e 28 3b 5f 28 72 0b 8b d3 48 8d 4f 20 e8 3c 4a
0x00007ffb3557d3a2:   0d 00 48 8b 47 30 48 c7 04 d8 00 00 00 00 8b 9f
0x00007ffb3557d3b2:   d0 09 00 00 8d 43 01 89 87 d0 09 00 00 3b 9f c0
0x00007ffb3557d3c2:   09 00 00 72 0e 8b d3 48 8d 8f b8 09 00 00 e8 0b
0x00007ffb3557d3d2:   4a 0d 00 48 8b 87 c8 09 00 00 4c 89 34 d8 e9 30
0x00007ffb3557d3e2:   03 00 00 48 89 6c 24 40 48 8b eb 4c 3b fb 0f 84
0x00007ffb3557d3f2:   75 02 00 00 44 8b 4f 28 48 8d 57 30 4c 89 64 24
0x00007ffb3557d402:   50 0f 1f 40 00 66 0f 1f 84 00 00 00 00 00 8b 4b
0x00007ffb3557d412:   28 48 8b 87 f8 09 00 00 48 8b 1c c8 4c 8d 04 c8
0x00007ffb3557d422:   48 8b 43 08 48 83 38 00 75 2b 0f 1f 40 00 8b 43
0x00007ffb3557d432:   28 41 3b c1 73 0b 8b c8 48 8b 02 48 8b 1c c8 eb
0x00007ffb3557d442:   02 33 db 48 83 e3 fe 48 8d 57 30 48 8b 43 08 48
0x00007ffb3557d452:   83 38 00 74 d9 49 89 18 8b 43 28 3b 47 28 73 0f
0x00007ffb3557d462:   8b c8 48 8b 47 30 48 8b 34 c8 48 85 f6 75 07 48
0x00007ffb3557d472:   8b b7 90 09 00 00 48 85 ed 75 24 4c 8d 0d 2c e1
0x00007ffb3557d482:   36 00 ba b0 03 00 00 4c 8d 05 30 e1 36 00 48 8d
0x00007ffb3557d492:   0d a9 ee 35 00 e8 14 5e cc ff e8 bf 5b 0f 00 8b
0x00007ffb3557d4a2:   45 28 44 8b 4f 28 41 3b c1 73 13 8b c8 48 8d 57
0x00007ffb3557d4b2:   30 48 8b 47 30 4c 8b 04 c8 4d 85 c0 75 0b 4c 8b
0x00007ffb3557d4c2:   87 90 09 00 00 48 8d 57 30 41 0f b7 40 58 48 8b
0x00007ffb3557d4d2:   cb 66 39 46 58 48 0f 43 cd 48 8b e9 4c 3b fb 0f
0x00007ffb3557d4e2:   85 29 ff ff ff 49 3b cf 0f 84 76 01 00 00 8b 41
0x00007ffb3557d4f2:   2c 48 8b f1 24 0f 3c 08 75 68 0f 1f 40 00 33 d2
0x00007ffb3557d502:   48 8b ce e8 46 4b 0c 00 48 85 c0 74 55 48 8b c8
0x00007ffb3557d512:   e8 59 d3 c2 ff 85 c0 79 49 f7 d0 c1 f8 03 83 e0 


Stack slot to memory mapping:
stack at sp + 0 slots: 0x0000004e80dfaef0 is pointing into the stack for thread: 0x000001eb5f183b70
stack at sp + 1 slots: 0x000001eb602e9f20 points into unknown readable memory: 0x00007ffb359350b0 | b0 50 93 35 fb 7f 00 00
stack at sp + 2 slots: 0x000001eb60180b30 points into unknown readable memory: 0x00007ffb3584f640 | 40 f6 84 35 fb 7f 00 00
stack at sp + 3 slots: 0x000001eb602e7138 points into unknown readable memory: 0x00007ffb358b5100 | 00 51 8b 35 fb 7f 00 00
stack at sp + 4 slots: 0x0000000000000003 is an unknown value
stack at sp + 5 slots: 0x0000004e80dfabd8 is pointing into the stack for thread: 0x000001eb5f183b70
stack at sp + 6 slots: 0x000001eb60643b98 points into unknown readable memory: 0x00007ffb358cd1c8 | c8 d1 8c 35 fb 7f 00 00
stack at sp + 7 slots: 0x00007ffb3557d134 jvm.dll


---------------  P R O C E S S  ---------------

Threads class SMR info:
_java_thread_list=0x000001eb5f921f30, length=22, elements={
0x000001eb3b170e30, 0x000001eb5e45b9a0, 0x000001eb5e45e360, 0x000001eb5e46cf50,
0x000001eb5e46d900, 0x000001eb5e46e2b0, 0x000001eb5f001090, 0x000001eb5f004090,
0x000001eb5f004990, 0x000001eb5f005290, 0x000001eb5f10f200, 0x000001eb5f135900,
0x000001eb5f136520, 0x000001eb5f183b70, 0x000001eb5f1f80e0, 0x000001eb5f2a4ce0,
0x000001eb5f937040, 0x000001eb5f93dfd0, 0x000001eb5f94e350, 0x000001eb5f952c30,
0x000001eb5f98d790, 0x000001eb5f97d3b0
}

Java Threads: ( => current thread )
  0x000001eb3b170e30 JavaThread "main" [_thread_blocked, id=15188, stack(0x0000004effa00000,0x0000004effb00000)]
  0x000001eb5e45b9a0 JavaThread "Reference Handler" daemon [_thread_blocked, id=15328, stack(0x0000004e80100000,0x0000004e80200000)]
  0x000001eb5e45e360 JavaThread "Finalizer" daemon [_thread_blocked, id=18468, stack(0x0000004e80200000,0x0000004e80300000)]
  0x000001eb5e46cf50 JavaThread "Signal Dispatcher" daemon [_thread_blocked, id=21740, stack(0x0000004e80300000,0x0000004e80400000)]
  0x000001eb5e46d900 JavaThread "Attach Listener" daemon [_thread_blocked, id=8788, stack(0x0000004e80400000,0x0000004e80500000)]
  0x000001eb5e46e2b0 JavaThread "Service Thread" daemon [_thread_blocked, id=19972, stack(0x0000004e80500000,0x0000004e80600000)]
  0x000001eb5f001090 JavaThread "Monitor Deflation Thread" daemon [_thread_blocked, id=14456, stack(0x0000004e80600000,0x0000004e80700000)]
  0x000001eb5f004090 JavaThread "C2 CompilerThread0" daemon [_thread_in_native, id=18252, stack(0x0000004e80700000,0x0000004e80800000)]
  0x000001eb5f004990 JavaThread "C1 CompilerThread0" daemon [_thread_blocked, id=6156, stack(0x0000004e80800000,0x0000004e80900000)]
  0x000001eb5f005290 JavaThread "Sweeper thread" daemon [_thread_blocked, id=16552, stack(0x0000004e80900000,0x0000004e80a00000)]
  0x000001eb5f10f200 JavaThread "Common-Cleaner" daemon [_thread_blocked, id=11808, stack(0x0000004e80a00000,0x0000004e80b00000)]
  0x000001eb5f135900 JavaThread "C1 CompilerThread1" daemon [_thread_blocked, id=11736, stack(0x0000004e80b00000,0x0000004e80c00000)]
  0x000001eb5f136520 JavaThread "C1 CompilerThread2" daemon [_thread_blocked, id=15112, stack(0x0000004e80c00000,0x0000004e80d00000)]
=>0x000001eb5f183b70 JavaThread "C2 CompilerThread1" daemon [_thread_in_native, id=12000, stack(0x0000004e80d00000,0x0000004e80e00000)]
  0x000001eb5f1f80e0 JavaThread "Monitor Ctrl-Break" daemon [_thread_in_native, id=2744, stack(0x0000004e80e00000,0x0000004e80f00000)]
  0x000001eb5f2a4ce0 JavaThread "Notification Thread" daemon [_thread_blocked, id=2472, stack(0x0000004e80f00000,0x0000004e81000000)]
  0x000001eb5f937040 JavaThread "C1 CompilerThread3" daemon [_thread_blocked, id=9800, stack(0x0000004e81100000,0x0000004e81200000)]
  0x000001eb5f93dfd0 JavaThread "C2 CompilerThread2" daemon [_thread_blocked, id=2288, stack(0x0000004e81200000,0x0000004e81300000)]
  0x000001eb5f94e350 JavaThread "C2 CompilerThread3" daemon [_thread_in_native, id=20584, stack(0x0000004e81800000,0x0000004e81900000)]
  0x000001eb5f952c30 JavaThread "C2 CompilerThread4" daemon [_thread_in_native, id=9692, stack(0x0000004e81900000,0x0000004e81a00000)]
  0x000001eb5f98d790 JavaThread "C2 CompilerThread5" daemon [_thread_blocked, id=23072, stack(0x0000004e81a00000,0x0000004e81b00000)]
  0x000001eb5f97d3b0 JavaThread "C2 CompilerThread6" daemon [_thread_blocked, id=21168, stack(0x0000004e81b00000,0x0000004e81c00000)]

Other Threads:
  0x000001eb5e456000 VMThread "VM Thread" [stack: 0x0000004e80000000,0x0000004e80100000] [id=16936]
  0x000001eb5f2a7260 WatcherThread [stack: 0x0000004e81000000,0x0000004e81100000] [id=11272]
  0x000001eb3b1dc390 GCTaskThread "GC Thread#0" [stack: 0x0000004effb00000,0x0000004effc00000] [id=15284]
  0x000001eb5f52e150 GCTaskThread "GC Thread#1" [stack: 0x0000004e81300000,0x0000004e81400000] [id=12780]
  0x000001eb5f52f6d0 GCTaskThread "GC Thread#2" [stack: 0x0000004e81400000,0x0000004e81500000] [id=18296]
  0x000001eb5f52e960 GCTaskThread "GC Thread#3" [stack: 0x0000004e81500000,0x0000004e81600000] [id=21492]
  0x000001eb5f52e6b0 GCTaskThread "GC Thread#4" [stack: 0x0000004e81600000,0x0000004e81700000] [id=13376]
  0x000001eb5f52e400 GCTaskThread "GC Thread#5" [stack: 0x0000004e81700000,0x0000004e81800000] [id=16444]
  0x000001eb3b1eca00 ConcurrentGCThread "G1 Main Marker" [stack: 0x0000004effc00000,0x0000004effd00000] [id=14704]
  0x000001eb3b1ee2c0 ConcurrentGCThread "G1 Conc#0" [stack: 0x0000004effd00000,0x0000004effe00000] [id=13068]
  0x000001eb5e30f150 ConcurrentGCThread "G1 Refine#0" [stack: 0x0000004effe00000,0x0000004efff00000] [id=7680]
  0x000001eb5e311920 ConcurrentGCThread "G1 Service" [stack: 0x0000004efff00000,0x0000004f00000000] [id=11196]

Threads with active compile tasks:
C2 CompilerThread0      685 1387       4       geometries.Geometries::findGeoIntersectionsHelper (105 bytes)
C2 CompilerThread1      685 1399   !   4       geometries.Triangle::findGeoIntersectionsHelper (240 bytes)
C2 CompilerThread3      685 1377       4       renderer.RayTracerBasic::traceRay (37 bytes)
C2 CompilerThread4      685 1410       4       renderer.Camera::castRay (17 bytes)

VM state: not at safepoint (normal execution)

VM Mutex/Monitor currently owned by a thread: None

Heap address: 0x000000070a200000, size: 3934 MB, Compressed Oops mode: Zero based, Oop shift amount: 3

CDS archive(s) mapped at: [0x0000000800000000-0x0000000800bd0000-0x0000000800bd0000), size 12386304, SharedBaseAddress: 0x0000000800000000, ArchiveRelocationMode: 0.
Compressed class space mapped at: 0x0000000800c00000-0x0000000840c00000, reserved size: 1073741824
Narrow klass base: 0x0000000800000000, Narrow klass shift: 0, Narrow klass range: 0x100000000

GC Precious Log:
 CPUs: 16 total, 16 available
 Memory: 15734M
 Large Page Support: Disabled
 NUMA Support: Disabled
 Compressed Oops: Enabled (Zero based)
 Heap Region Size: 2M
 Heap Min Capacity: 8M
 Heap Initial Capacity: 246M
 Heap Max Capacity: 3934M
 Pre-touch: Disabled
 Parallel Workers: 13
 Concurrent Workers: 3
 Concurrent Refinement Workers: 13
 Periodic GC: Disabled

Heap:
 garbage-first heap   total 251904K, used 68390K [0x000000070a200000, 0x0000000800000000)
  region size 2048K, 34 young (69632K), 1 survivors (2048K)
 Metaspace       used 5583K, committed 5760K, reserved 1056768K
  class space    used 705K, committed 768K, reserved 1048576K

Heap Regions: E=young(eden), S=young(survivor), O=old, HS=humongous(starts), HC=humongous(continues), CS=collection set, F=free, OA=open archive, CA=closed archive, TAMS=top-at-mark-start (previous, next)
|   0|0x000000070a200000, 0x000000070a400000, 0x000000070a400000|100%|HS|  |TAMS 0x000000070a200000, 0x000000070a200000| Complete 
|   1|0x000000070a400000, 0x000000070a600000, 0x000000070a600000|100%| O|  |TAMS 0x000000070a400000, 0x000000070a400000| Untracked 
|   2|0x000000070a600000, 0x000000070a65ee00, 0x000000070a800000| 18%| O|  |TAMS 0x000000070a600000, 0x000000070a600000| Untracked 
|   3|0x000000070a800000, 0x000000070a800000, 0x000000070aa00000|  0%| F|  |TAMS 0x000000070a800000, 0x000000070a800000| Untracked 
|   4|0x000000070aa00000, 0x000000070aa00000, 0x000000070ac00000|  0%| F|  |TAMS 0x000000070aa00000, 0x000000070aa00000| Untracked 
|   5|0x000000070ac00000, 0x000000070ac00000, 0x000000070ae00000|  0%| F|  |TAMS 0x000000070ac00000, 0x000000070ac00000| Untracked 
|   6|0x000000070ae00000, 0x000000070ae00000, 0x000000070b000000|  0%| F|  |TAMS 0x000000070ae00000, 0x000000070ae00000| Untracked 
|   7|0x000000070b000000, 0x000000070b000000, 0x000000070b200000|  0%| F|  |TAMS 0x000000070b000000, 0x000000070b000000| Untracked 
|   8|0x000000070b200000, 0x000000070b200000, 0x000000070b400000|  0%| F|  |TAMS 0x000000070b200000, 0x000000070b200000| Untracked 
|   9|0x000000070b400000, 0x000000070b400000, 0x000000070b600000|  0%| F|  |TAMS 0x000000070b400000, 0x000000070b400000| Untracked 
|  10|0x000000070b600000, 0x000000070b600000, 0x000000070b800000|  0%| F|  |TAMS 0x000000070b600000, 0x000000070b600000| Untracked 
|  11|0x000000070b800000, 0x000000070b800000, 0x000000070ba00000|  0%| F|  |TAMS 0x000000070b800000, 0x000000070b800000| Untracked 
|  12|0x000000070ba00000, 0x000000070ba00000, 0x000000070bc00000|  0%| F|  |TAMS 0x000000070ba00000, 0x000000070ba00000| Untracked 
|  13|0x000000070bc00000, 0x000000070bc00000, 0x000000070be00000|  0%| F|  |TAMS 0x000000070bc00000, 0x000000070bc00000| Untracked 
|  14|0x000000070be00000, 0x000000070be00000, 0x000000070c000000|  0%| F|  |TAMS 0x000000070be00000, 0x000000070be00000| Untracked 
|  15|0x000000070c000000, 0x000000070c000000, 0x000000070c200000|  0%| F|  |TAMS 0x000000070c000000, 0x000000070c000000| Untracked 
|  16|0x000000070c200000, 0x000000070c200000, 0x000000070c400000|  0%| F|  |TAMS 0x000000070c200000, 0x000000070c200000| Untracked 
|  17|0x000000070c400000, 0x000000070c400000, 0x000000070c600000|  0%| F|  |TAMS 0x000000070c400000, 0x000000070c400000| Untracked 
|  18|0x000000070c600000, 0x000000070c600000, 0x000000070c800000|  0%| F|  |TAMS 0x000000070c600000, 0x000000070c600000| Untracked 
|  19|0x000000070c800000, 0x000000070c800000, 0x000000070ca00000|  0%| F|  |TAMS 0x000000070c800000, 0x000000070c800000| Untracked 
|  20|0x000000070ca00000, 0x000000070ca00000, 0x000000070cc00000|  0%| F|  |TAMS 0x000000070ca00000, 0x000000070ca00000| Untracked 
|  21|0x000000070cc00000, 0x000000070cc00000, 0x000000070ce00000|  0%| F|  |TAMS 0x000000070cc00000, 0x000000070cc00000| Untracked 
|  22|0x000000070ce00000, 0x000000070ce00000, 0x000000070d000000|  0%| F|  |TAMS 0x000000070ce00000, 0x000000070ce00000| Untracked 
|  23|0x000000070d000000, 0x000000070d000000, 0x000000070d200000|  0%| F|  |TAMS 0x000000070d000000, 0x000000070d000000| Untracked 
|  24|0x000000070d200000, 0x000000070d200000, 0x000000070d400000|  0%| F|  |TAMS 0x000000070d200000, 0x000000070d200000| Untracked 
|  25|0x000000070d400000, 0x000000070d400000, 0x000000070d600000|  0%| F|  |TAMS 0x000000070d400000, 0x000000070d400000| Untracked 
|  26|0x000000070d600000, 0x000000070d600000, 0x000000070d800000|  0%| F|  |TAMS 0x000000070d600000, 0x000000070d600000| Untracked 
|  27|0x000000070d800000, 0x000000070d800000, 0x000000070da00000|  0%| F|  |TAMS 0x000000070d800000, 0x000000070d800000| Untracked 
|  28|0x000000070da00000, 0x000000070da00000, 0x000000070dc00000|  0%| F|  |TAMS 0x000000070da00000, 0x000000070da00000| Untracked 
|  29|0x000000070dc00000, 0x000000070dc00000, 0x000000070de00000|  0%| F|  |TAMS 0x000000070dc00000, 0x000000070dc00000| Untracked 
|  30|0x000000070de00000, 0x000000070de00000, 0x000000070e000000|  0%| F|  |TAMS 0x000000070de00000, 0x000000070de00000| Untracked 
|  31|0x000000070e000000, 0x000000070e000000, 0x000000070e200000|  0%| F|  |TAMS 0x000000070e000000, 0x000000070e000000| Untracked 
|  32|0x000000070e200000, 0x000000070e200000, 0x000000070e400000|  0%| F|  |TAMS 0x000000070e200000, 0x000000070e200000| Untracked 
|  33|0x000000070e400000, 0x000000070e400000, 0x000000070e600000|  0%| F|  |TAMS 0x000000070e400000, 0x000000070e400000| Untracked 
|  34|0x000000070e600000, 0x000000070e600000, 0x000000070e800000|  0%| F|  |TAMS 0x000000070e600000, 0x000000070e600000| Untracked 
|  35|0x000000070e800000, 0x000000070e800000, 0x000000070ea00000|  0%| F|  |TAMS 0x000000070e800000, 0x000000070e800000| Untracked 
|  36|0x000000070ea00000, 0x000000070ea00000, 0x000000070ec00000|  0%| F|  |TAMS 0x000000070ea00000, 0x000000070ea00000| Untracked 
|  37|0x000000070ec00000, 0x000000070ec00000, 0x000000070ee00000|  0%| F|  |TAMS 0x000000070ec00000, 0x000000070ec00000| Untracked 
|  38|0x000000070ee00000, 0x000000070ee00000, 0x000000070f000000|  0%| F|  |TAMS 0x000000070ee00000, 0x000000070ee00000| Untracked 
|  39|0x000000070f000000, 0x000000070f000000, 0x000000070f200000|  0%| F|  |TAMS 0x000000070f000000, 0x000000070f000000| Untracked 
|  40|0x000000070f200000, 0x000000070f200000, 0x000000070f400000|  0%| F|  |TAMS 0x000000070f200000, 0x000000070f200000| Untracked 
|  41|0x000000070f400000, 0x000000070f400000, 0x000000070f600000|  0%| F|  |TAMS 0x000000070f400000, 0x000000070f400000| Untracked 
|  42|0x000000070f600000, 0x000000070f600000, 0x000000070f800000|  0%| F|  |TAMS 0x000000070f600000, 0x000000070f600000| Untracked 
|  43|0x000000070f800000, 0x000000070f800000, 0x000000070fa00000|  0%| F|  |TAMS 0x000000070f800000, 0x000000070f800000| Untracked 
|  44|0x000000070fa00000, 0x000000070fa00000, 0x000000070fc00000|  0%| F|  |TAMS 0x000000070fa00000, 0x000000070fa00000| Untracked 
|  45|0x000000070fc00000, 0x000000070fc00000, 0x000000070fe00000|  0%| F|  |TAMS 0x000000070fc00000, 0x000000070fc00000| Untracked 
|  46|0x000000070fe00000, 0x000000070fe00000, 0x0000000710000000|  0%| F|  |TAMS 0x000000070fe00000, 0x000000070fe00000| Untracked 
|  47|0x0000000710000000, 0x0000000710000000, 0x0000000710200000|  0%| F|  |TAMS 0x0000000710000000, 0x0000000710000000| Untracked 
|  48|0x0000000710200000, 0x0000000710200000, 0x0000000710400000|  0%| F|  |TAMS 0x0000000710200000, 0x0000000710200000| Untracked 
|  49|0x0000000710400000, 0x0000000710400000, 0x0000000710600000|  0%| F|  |TAMS 0x0000000710400000, 0x0000000710400000| Untracked 
|  50|0x0000000710600000, 0x0000000710600000, 0x0000000710800000|  0%| F|  |TAMS 0x0000000710600000, 0x0000000710600000| Untracked 
|  51|0x0000000710800000, 0x0000000710800000, 0x0000000710a00000|  0%| F|  |TAMS 0x0000000710800000, 0x0000000710800000| Untracked 
|  52|0x0000000710a00000, 0x0000000710a00000, 0x0000000710c00000|  0%| F|  |TAMS 0x0000000710a00000, 0x0000000710a00000| Untracked 
|  53|0x0000000710c00000, 0x0000000710c00000, 0x0000000710e00000|  0%| F|  |TAMS 0x0000000710c00000, 0x0000000710c00000| Untracked 
|  54|0x0000000710e00000, 0x0000000710e00000, 0x0000000711000000|  0%| F|  |TAMS 0x0000000710e00000, 0x0000000710e00000| Untracked 
|  55|0x0000000711000000, 0x0000000711000000, 0x0000000711200000|  0%| F|  |TAMS 0x0000000711000000, 0x0000000711000000| Untracked 
|  56|0x0000000711200000, 0x0000000711200000, 0x0000000711400000|  0%| F|  |TAMS 0x0000000711200000, 0x0000000711200000| Untracked 
|  57|0x0000000711400000, 0x0000000711400000, 0x0000000711600000|  0%| F|  |TAMS 0x0000000711400000, 0x0000000711400000| Untracked 
|  58|0x0000000711600000, 0x0000000711600000, 0x0000000711800000|  0%| F|  |TAMS 0x0000000711600000, 0x0000000711600000| Untracked 
|  59|0x0000000711800000, 0x0000000711800000, 0x0000000711a00000|  0%| F|  |TAMS 0x0000000711800000, 0x0000000711800000| Untracked 
|  60|0x0000000711a00000, 0x0000000711a00000, 0x0000000711c00000|  0%| F|  |TAMS 0x0000000711a00000, 0x0000000711a00000| Untracked 
|  61|0x0000000711c00000, 0x0000000711c00000, 0x0000000711e00000|  0%| F|  |TAMS 0x0000000711c00000, 0x0000000711c00000| Untracked 
|  62|0x0000000711e00000, 0x0000000711e00000, 0x0000000712000000|  0%| F|  |TAMS 0x0000000711e00000, 0x0000000711e00000| Untracked 
|  63|0x0000000712000000, 0x0000000712000000, 0x0000000712200000|  0%| F|  |TAMS 0x0000000712000000, 0x0000000712000000| Untracked 
|  64|0x0000000712200000, 0x0000000712200000, 0x0000000712400000|  0%| F|  |TAMS 0x0000000712200000, 0x0000000712200000| Untracked 
|  65|0x0000000712400000, 0x0000000712400000, 0x0000000712600000|  0%| F|  |TAMS 0x0000000712400000, 0x0000000712400000| Untracked 
|  66|0x0000000712600000, 0x0000000712600000, 0x0000000712800000|  0%| F|  |TAMS 0x0000000712600000, 0x0000000712600000| Untracked 
|  67|0x0000000712800000, 0x0000000712800000, 0x0000000712a00000|  0%| F|  |TAMS 0x0000000712800000, 0x0000000712800000| Untracked 
|  68|0x0000000712a00000, 0x0000000712a00000, 0x0000000712c00000|  0%| F|  |TAMS 0x0000000712a00000, 0x0000000712a00000| Untracked 
|  69|0x0000000712c00000, 0x0000000712c00000, 0x0000000712e00000|  0%| F|  |TAMS 0x0000000712c00000, 0x0000000712c00000| Untracked 
|  70|0x0000000712e00000, 0x0000000712e00000, 0x0000000713000000|  0%| F|  |TAMS 0x0000000712e00000, 0x0000000712e00000| Untracked 
|  71|0x0000000713000000, 0x0000000713000000, 0x0000000713200000|  0%| F|  |TAMS 0x0000000713000000, 0x0000000713000000| Untracked 
|  72|0x0000000713200000, 0x0000000713200000, 0x0000000713400000|  0%| F|  |TAMS 0x0000000713200000, 0x0000000713200000| Untracked 
|  73|0x0000000713400000, 0x0000000713400000, 0x0000000713600000|  0%| F|  |TAMS 0x0000000713400000, 0x0000000713400000| Untracked 
|  74|0x0000000713600000, 0x0000000713600000, 0x0000000713800000|  0%| F|  |TAMS 0x0000000713600000, 0x0000000713600000| Untracked 
|  75|0x0000000713800000, 0x0000000713800000, 0x0000000713a00000|  0%| F|  |TAMS 0x0000000713800000, 0x0000000713800000| Untracked 
|  76|0x0000000713a00000, 0x0000000713a00000, 0x0000000713c00000|  0%| F|  |TAMS 0x0000000713a00000, 0x0000000713a00000| Untracked 
|  77|0x0000000713c00000, 0x0000000713c00000, 0x0000000713e00000|  0%| F|  |TAMS 0x0000000713c00000, 0x0000000713c00000| Untracked 
|  78|0x0000000713e00000, 0x0000000713e00000, 0x0000000714000000|  0%| F|  |TAMS 0x0000000713e00000, 0x0000000713e00000| Untracked 
|  79|0x0000000714000000, 0x0000000714000000, 0x0000000714200000|  0%| F|  |TAMS 0x0000000714000000, 0x0000000714000000| Untracked 
|  80|0x0000000714200000, 0x0000000714200000, 0x0000000714400000|  0%| F|  |TAMS 0x0000000714200000, 0x0000000714200000| Untracked 
|  81|0x0000000714400000, 0x0000000714400000, 0x0000000714600000|  0%| F|  |TAMS 0x0000000714400000, 0x0000000714400000| Untracked 
|  82|0x0000000714600000, 0x0000000714600000, 0x0000000714800000|  0%| F|  |TAMS 0x0000000714600000, 0x0000000714600000| Untracked 
|  83|0x0000000714800000, 0x0000000714800000, 0x0000000714a00000|  0%| F|  |TAMS 0x0000000714800000, 0x0000000714800000| Untracked 
|  84|0x0000000714a00000, 0x0000000714a00000, 0x0000000714c00000|  0%| F|  |TAMS 0x0000000714a00000, 0x0000000714a00000| Untracked 
|  85|0x0000000714c00000, 0x0000000714c00000, 0x0000000714e00000|  0%| F|  |TAMS 0x0000000714c00000, 0x0000000714c00000| Untracked 
|  86|0x0000000714e00000, 0x0000000714e00000, 0x0000000715000000|  0%| F|  |TAMS 0x0000000714e00000, 0x0000000714e00000| Untracked 
|  87|0x0000000715000000, 0x0000000715000000, 0x0000000715200000|  0%| F|  |TAMS 0x0000000715000000, 0x0000000715000000| Untracked 
|  88|0x0000000715200000, 0x0000000715200000, 0x0000000715400000|  0%| F|  |TAMS 0x0000000715200000, 0x0000000715200000| Untracked 
|  89|0x0000000715400000, 0x00000007155ac7a0, 0x0000000715600000| 83%| E|  |TAMS 0x0000000715400000, 0x0000000715400000| Complete 
|  90|0x0000000715600000, 0x0000000715800000, 0x0000000715800000|100%| E|  |TAMS 0x0000000715600000, 0x0000000715600000| Complete 
|  91|0x0000000715800000, 0x0000000715a00000, 0x0000000715a00000|100%| E|CS|TAMS 0x0000000715800000, 0x0000000715800000| Complete 
|  92|0x0000000715a00000, 0x0000000715c00000, 0x0000000715c00000|100%| E|CS|TAMS 0x0000000715a00000, 0x0000000715a00000| Complete 
|  93|0x0000000715c00000, 0x0000000715e00000, 0x0000000715e00000|100%| E|CS|TAMS 0x0000000715c00000, 0x0000000715c00000| Complete 
|  94|0x0000000715e00000, 0x0000000716000000, 0x0000000716000000|100%| E|CS|TAMS 0x0000000715e00000, 0x0000000715e00000| Complete 
|  95|0x0000000716000000, 0x0000000716200000, 0x0000000716200000|100%| E|CS|TAMS 0x0000000716000000, 0x0000000716000000| Complete 
|  96|0x0000000716200000, 0x0000000716400000, 0x0000000716400000|100%| E|CS|TAMS 0x0000000716200000, 0x0000000716200000| Complete 
|  97|0x0000000716400000, 0x0000000716600000, 0x0000000716600000|100%| E|CS|TAMS 0x0000000716400000, 0x0000000716400000| Complete 
|  98|0x0000000716600000, 0x0000000716800000, 0x0000000716800000|100%| E|CS|TAMS 0x0000000716600000, 0x0000000716600000| Complete 
|  99|0x0000000716800000, 0x0000000716a00000, 0x0000000716a00000|100%| E|CS|TAMS 0x0000000716800000, 0x0000000716800000| Complete 
| 100|0x0000000716a00000, 0x0000000716c00000, 0x0000000716c00000|100%| E|CS|TAMS 0x0000000716a00000, 0x0000000716a00000| Complete 
| 101|0x0000000716c00000, 0x0000000716e00000, 0x0000000716e00000|100%| E|CS|TAMS 0x0000000716c00000, 0x0000000716c00000| Complete 
| 102|0x0000000716e00000, 0x0000000717000000, 0x0000000717000000|100%| E|CS|TAMS 0x0000000716e00000, 0x0000000716e00000| Complete 
| 103|0x0000000717000000, 0x0000000717200000, 0x0000000717200000|100%| E|CS|TAMS 0x0000000717000000, 0x0000000717000000| Complete 
| 104|0x0000000717200000, 0x000000071726aba8, 0x0000000717400000| 20%| S|CS|TAMS 0x0000000717200000, 0x0000000717200000| Complete 
| 105|0x0000000717400000, 0x0000000717600000, 0x0000000717600000|100%| E|CS|TAMS 0x0000000717400000, 0x0000000717400000| Complete 
| 106|0x0000000717600000, 0x0000000717800000, 0x0000000717800000|100%| E|CS|TAMS 0x0000000717600000, 0x0000000717600000| Complete 
| 107|0x0000000717800000, 0x0000000717a00000, 0x0000000717a00000|100%| E|CS|TAMS 0x0000000717800000, 0x0000000717800000| Complete 
| 108|0x0000000717a00000, 0x0000000717c00000, 0x0000000717c00000|100%| E|CS|TAMS 0x0000000717a00000, 0x0000000717a00000| Complete 
| 109|0x0000000717c00000, 0x0000000717e00000, 0x0000000717e00000|100%| E|CS|TAMS 0x0000000717c00000, 0x0000000717c00000| Complete 
| 110|0x0000000717e00000, 0x0000000718000000, 0x0000000718000000|100%| E|CS|TAMS 0x0000000717e00000, 0x0000000717e00000| Complete 
| 111|0x0000000718000000, 0x0000000718200000, 0x0000000718200000|100%| E|CS|TAMS 0x0000000718000000, 0x0000000718000000| Complete 
| 112|0x0000000718200000, 0x0000000718400000, 0x0000000718400000|100%| E|CS|TAMS 0x0000000718200000, 0x0000000718200000| Complete 
| 113|0x0000000718400000, 0x0000000718600000, 0x0000000718600000|100%| E|CS|TAMS 0x0000000718400000, 0x0000000718400000| Complete 
| 114|0x0000000718600000, 0x0000000718800000, 0x0000000718800000|100%| E|CS|TAMS 0x0000000718600000, 0x0000000718600000| Complete 
| 115|0x0000000718800000, 0x0000000718a00000, 0x0000000718a00000|100%| E|CS|TAMS 0x0000000718800000, 0x0000000718800000| Complete 
| 116|0x0000000718a00000, 0x0000000718c00000, 0x0000000718c00000|100%| E|CS|TAMS 0x0000000718a00000, 0x0000000718a00000| Complete 
| 117|0x0000000718c00000, 0x0000000718e00000, 0x0000000718e00000|100%| E|CS|TAMS 0x0000000718c00000, 0x0000000718c00000| Complete 
| 118|0x0000000718e00000, 0x0000000719000000, 0x0000000719000000|100%| E|CS|TAMS 0x0000000718e00000, 0x0000000718e00000| Complete 
| 119|0x0000000719000000, 0x0000000719200000, 0x0000000719200000|100%| E|CS|TAMS 0x0000000719000000, 0x0000000719000000| Complete 
| 120|0x0000000719200000, 0x0000000719400000, 0x0000000719400000|100%| E|CS|TAMS 0x0000000719200000, 0x0000000719200000| Complete 
| 121|0x0000000719400000, 0x0000000719600000, 0x0000000719600000|100%| E|CS|TAMS 0x0000000719400000, 0x0000000719400000| Complete 
| 122|0x0000000719600000, 0x0000000719800000, 0x0000000719800000|100%| E|CS|TAMS 0x0000000719600000, 0x0000000719600000| Complete 

Card table byte_map: [0x000001eb52a30000,0x000001eb531e0000] _byte_map_base: 0x000001eb4f1df000

Marking Bits (Prev, Next): (CMBitMap*) 0x000001eb3b1dc9a0, (CMBitMap*) 0x000001eb3b1dc9e0
 Prev Bits: [0x000001eb53990000, 0x000001eb57708000)
 Next Bits: [0x000001eb57710000, 0x000001eb5b488000)

Polling page: 0x000001eb390f0000

Metaspace:

Usage:
  Non-class:      4.76 MB used.
      Class:    705.50 KB used.
       Both:      5.45 MB used.

Virtual space:
  Non-class space:        8.00 MB reserved,       4.88 MB ( 61%) committed,  1 nodes.
      Class space:        1.00 GB reserved,     768.00 KB ( <1%) committed,  1 nodes.
             Both:        1.01 GB reserved,       5.62 MB ( <1%) committed. 

Chunk freelists:
   Non-Class:  1.97 MB
       Class:  3.26 MB
        Both:  5.24 MB

MaxMetaspaceSize: unlimited
CompressedClassSpaceSize: 1.00 GB
Initial GC threshold: 21.00 MB
Current GC threshold: 21.00 MB
CDS: on
MetaspaceReclaimPolicy: balanced
 - commit_granule_bytes: 65536.
 - commit_granule_words: 8192.
 - virtual_space_node_default_size: 1048576.
 - enlarge_chunks_in_place: 1.
 - new_chunks_are_fully_committed: 0.
 - uncommit_free_chunks: 1.
 - use_allocation_guard: 0.
 - handle_deallocations: 1.


Internal statistics:

num_allocs_failed_limit: 0.
num_arena_births: 130.
num_arena_deaths: 0.
num_vsnodes_births: 2.
num_vsnodes_deaths: 0.
num_space_committed: 90.
num_space_uncommitted: 0.
num_chunks_returned_to_freelist: 0.
num_chunks_taken_from_freelist: 328.
num_chunk_merges: 0.
num_chunk_splits: 163.
num_chunks_enlarged: 97.
num_purges: 0.
num_inconsistent_stats: 0.

CodeHeap 'non-profiled nmethods': size=119168Kb used=444Kb max_used=444Kb free=118723Kb
 bounds [0x000001eb4a590000, 0x000001eb4a800000, 0x000001eb519f0000]
CodeHeap 'profiled nmethods': size=119104Kb used=2797Kb max_used=2797Kb free=116306Kb
 bounds [0x000001eb429f0000, 0x000001eb42cb0000, 0x000001eb49e40000]
CodeHeap 'non-nmethods': size=7488Kb used=2866Kb max_used=2893Kb free=4621Kb
 bounds [0x000001eb49e40000, 0x000001eb4a120000, 0x000001eb4a590000]
 total_blobs=1930 nmethods=1459 adapters=380
 compilation: enabled
              stopped_count=0, restarted_count=0
 full_count=0

Compilation events (20 events):
Event: 0.654 Thread 0x000001eb5f004990 nmethod 1425 0x000001eb42c9ce10 code [0x000001eb42c9d040, 0x000001eb42c9d8c8]
Event: 0.654 Thread 0x000001eb5f004990 1436       3       java.util.regex.Matcher::reset (128 bytes)
Event: 0.654 Thread 0x000001eb5f937040 nmethod 1429 0x000001eb42c9dc90 code [0x000001eb42c9de80, 0x000001eb42c9e468]
Event: 0.654 Thread 0x000001eb5f937040 1433       3       java.util.stream.ReferencePipeline$3::opWrapSink (10 bytes)
Event: 0.654 Thread 0x000001eb5f135900 nmethod 1432 0x000001eb42c9e690 code [0x000001eb42c9e840, 0x000001eb42c9eb28]
Event: 0.654 Thread 0x000001eb5f135900 1434       3       java.util.stream.ReferencePipeline$3$1::<init> (11 bytes)
Event: 0.654 Thread 0x000001eb5f136520 nmethod 1431 0x000001eb42c9ec90 code [0x000001eb42c9ee80, 0x000001eb42c9f3b8]
Event: 0.654 Thread 0x000001eb5f136520 1435       3       java.util.stream.Sink$ChainedReference::begin (11 bytes)
Event: 0.654 Thread 0x000001eb5f937040 nmethod 1433 0x000001eb42c9f610 code [0x000001eb42c9f800, 0x000001eb42c9fdc8]
Event: 0.654 Thread 0x000001eb5f004990 nmethod 1436 0x000001eb42c9ff90 code [0x000001eb42ca0180, 0x000001eb42ca0788]
Event: 0.654 Thread 0x000001eb5f136520 nmethod 1435 0x000001eb42ca0a10 code [0x000001eb42ca0bc0, 0x000001eb42ca0da8]
Event: 0.655 Thread 0x000001eb5f135900 nmethod 1434 0x000001eb42ca0e90 code [0x000001eb42ca1060, 0x000001eb42ca1568]
Event: 0.655 Thread 0x000001eb5f136520 1437       3       java.util.stream.StreamSpliterators$AbstractWrappingSpliterator::characteristics (49 bytes)
Event: 0.655 Thread 0x000001eb5f135900 1438       3       java.util.stream.StreamOpFlag::toStreamFlags (12 bytes)
Event: 0.655 Thread 0x000001eb5f004990 1439       3       java.util.stream.StreamOpFlag::toCharacteristics (6 bytes)
Event: 0.655 Thread 0x000001eb5f97d3b0 1440       4       java.util.stream.AbstractPipeline::isParallel (8 bytes)
Event: 0.655 Thread 0x000001eb5f135900 nmethod 1438 0x000001eb42ca1710 code [0x000001eb42ca18a0, 0x000001eb42ca1998]
Event: 0.655 Thread 0x000001eb5f004990 nmethod 1439 0x000001eb42ca1a10 code [0x000001eb42ca1ba0, 0x000001eb42ca1c98]
Event: 0.655 Thread 0x000001eb5f136520 nmethod 1437 0x000001eb42ca1d10 code [0x000001eb42ca1f00, 0x000001eb42ca25e8]
Event: 0.655 Thread 0x000001eb5f97d3b0 nmethod 1440 0x000001eb4a5fe090 code [0x000001eb4a5fe200, 0x000001eb4a5fe298]

GC Heap History (4 events):
Event: 0.520 GC heap before
{Heap before GC invocations=0 (full 0):
 garbage-first heap   total 251904K, used 20480K [0x000000070a200000, 0x0000000800000000)
  region size 2048K, 11 young (22528K), 0 survivors (0K)
 Metaspace       used 5306K, committed 5440K, reserved 1056768K
  class space    used 671K, committed 768K, reserved 1048576K
}
Event: 0.524 GC heap after
{Heap after GC invocations=1 (full 0):
 garbage-first heap   total 251904K, used 3596K [0x000000070a200000, 0x0000000800000000)
  region size 2048K, 2 young (4096K), 2 survivors (4096K)
 Metaspace       used 5306K, committed 5440K, reserved 1056768K
  class space    used 671K, committed 768K, reserved 1048576K
}
Event: 0.588 GC heap before
{Heap before GC invocations=1 (full 0):
 garbage-first heap   total 251904K, used 38412K [0x000000070a200000, 0x0000000800000000)
  region size 2048K, 18 young (36864K), 2 survivors (4096K)
 Metaspace       used 5459K, committed 5632K, reserved 1056768K
  class space    used 696K, committed 768K, reserved 1048576K
}
Event: 0.590 GC heap after
{Heap after GC invocations=2 (full 0):
 garbage-first heap   total 251904K, used 4902K [0x000000070a200000, 0x0000000800000000)
  region size 2048K, 1 young (2048K), 1 survivors (2048K)
 Metaspace       used 5459K, committed 5632K, reserved 1056768K
  class space    used 696K, committed 768K, reserved 1048576K
}

Deoptimization events (20 events):
Event: 0.576 Thread 0x000001eb3b170e30 Uncommon trap: trap_request=0xffffffde fr.pc=0x000001eb4a5ecff4 relative=0x0000000000000a94
Event: 0.576 Thread 0x000001eb3b170e30 Uncommon trap: reason=class_check action=maybe_recompile pc=0x000001eb4a5ecff4 method=geometries.Geometries.findGeoIntersectionsHelper(Lprimitives/Ray;)Ljava/util/List; @ 30 c2
Event: 0.576 Thread 0x000001eb3b170e30 DEOPT PACKING pc=0x000001eb4a5ecff4 sp=0x0000004effafc780
Event: 0.577 Thread 0x000001eb3b170e30 DEOPT UNPACKING pc=0x000001eb49e923a3 sp=0x0000004effafc730 mode 2
Event: 0.628 Thread 0x000001eb3b170e30 Uncommon trap: trap_request=0xffffffde fr.pc=0x000001eb4a5fb804 relative=0x0000000000001484
Event: 0.628 Thread 0x000001eb3b170e30 Uncommon trap: reason=class_check action=maybe_recompile pc=0x000001eb4a5fb804 method=geometries.Geometries.findGeoIntersectionsHelper(Lprimitives/Ray;)Ljava/util/List; @ 30 c2
Event: 0.628 Thread 0x000001eb3b170e30 DEOPT PACKING pc=0x000001eb4a5fb804 sp=0x0000004effafc820
Event: 0.628 Thread 0x000001eb3b170e30 DEOPT UNPACKING pc=0x000001eb49e923a3 sp=0x0000004effafc6f8 mode 2
Event: 0.645 Thread 0x000001eb3b170e30 Uncommon trap: trap_request=0xffffff45 fr.pc=0x000001eb4a5f4178 relative=0x00000000000002d8
Event: 0.645 Thread 0x000001eb3b170e30 Uncommon trap: reason=unstable_if action=reinterpret pc=0x000001eb4a5f4178 method=primitives.Vector.<init>(DDD)V @ 18 c2
Event: 0.645 Thread 0x000001eb3b170e30 DEOPT PACKING pc=0x000001eb4a5f4178 sp=0x0000004effafc570
Event: 0.645 Thread 0x000001eb3b170e30 DEOPT UNPACKING pc=0x000001eb49e923a3 sp=0x0000004effafc478 mode 2
Event: 0.648 Thread 0x000001eb3b170e30 Uncommon trap: trap_request=0xffffff45 fr.pc=0x000001eb4a5f65bc relative=0x00000000000006fc
Event: 0.648 Thread 0x000001eb3b170e30 Uncommon trap: reason=unstable_if action=reinterpret pc=0x000001eb4a5f65bc method=geometries.Plane.findGeoIntersectionsHelper(Lprimitives/Ray;)Ljava/util/List; @ 57 c2
Event: 0.648 Thread 0x000001eb3b170e30 DEOPT PACKING pc=0x000001eb4a5f65bc sp=0x0000004effafbf00
Event: 0.648 Thread 0x000001eb3b170e30 DEOPT UNPACKING pc=0x000001eb49e923a3 sp=0x0000004effafbe98 mode 2
Event: 0.648 Thread 0x000001eb3b170e30 Uncommon trap: trap_request=0xffffff45 fr.pc=0x000001eb4a5e8ff4 relative=0x00000000000001d4
Event: 0.648 Thread 0x000001eb3b170e30 Uncommon trap: reason=unstable_if action=reinterpret pc=0x000001eb4a5e8ff4 method=primitives.Color.getColor()Ljava/awt/Color; @ 63 c2
Event: 0.648 Thread 0x000001eb3b170e30 DEOPT PACKING pc=0x000001eb4a5e8ff4 sp=0x0000004effafc880
Event: 0.648 Thread 0x000001eb3b170e30 DEOPT UNPACKING pc=0x000001eb49e923a3 sp=0x0000004effafc7e8 mode 2

Classes unloaded (0 events):
No events

Classes redefined (0 events):
No events

Internal exceptions (20 events):
Event: 0.342 Thread 0x000001eb3b170e30 Exception <a 'java/lang/NoSuchMethodError'{0x0000000718a159c8}: 'java.lang.Object java.lang.invoke.DirectMethodHandle$Holder.invokeStatic(java.lang.Object, java.lang.Object, int)'> (0x0000000718a159c8) 
thrown [s\open\src\hotspot\share\interpreter\linkResolver.cpp, line 759]
Event: 0.351 Thread 0x000001eb3b170e30 Exception <a 'java/lang/NoSuchMethodError'{0x0000000718a68d48}: 'void java.lang.invoke.DirectMethodHandle$Holder.invokeSpecial(java.lang.Object, java.lang.Object, java.lang.Object, java.lang.Object, java.lang.Object)'> (0x0000000718a68d48) 
thrown [s\open\src\hotspot\share\interpreter\linkResolver.cpp, line 759]
Event: 0.358 Thread 0x000001eb3b170e30 Exception <a 'java/lang/NoSuchMethodError'{0x0000000718aa7148}: 'void java.lang.invoke.DirectMethodHandle$Holder.invokeInterface(java.lang.Object, java.lang.Object, java.lang.Object, java.lang.Object)'> (0x0000000718aa7148) 
thrown [s\open\src\hotspot\share\interpreter\linkResolver.cpp, line 759]
Event: 0.358 Thread 0x000001eb3b170e30 Exception <a 'java/lang/IncompatibleClassChangeError'{0x0000000718aaaa70}: Found class java.lang.Object, but interface was expected> (0x0000000718aaaa70) 
thrown [s\open\src\hotspot\share\interpreter\linkResolver.cpp, line 826]
Event: 0.360 Thread 0x000001eb3b170e30 Exception <a 'java/lang/NoSuchMethodError'{0x0000000718ac00e0}: 'void java.lang.invoke.DirectMethodHandle$Holder.invokeStatic(java.lang.Object, java.lang.Object, java.lang.Object, java.lang.Object)'> (0x0000000718ac00e0) 
thrown [s\open\src\hotspot\share\interpreter\linkResolver.cpp, line 759]
Event: 0.362 Thread 0x000001eb3b170e30 Exception <a 'java/lang/NoSuchMethodError'{0x0000000718ad1000}: 'java.lang.Object java.lang.invoke.DirectMethodHandle$Holder.newInvokeSpecial(java.lang.Object, java.lang.Object, int)'> (0x0000000718ad1000) 
thrown [s\open\src\hotspot\share\interpreter\linkResolver.cpp, line 759]
Event: 0.381 Thread 0x000001eb3b170e30 Exception <a 'java/lang/NoSuchMethodError'{0x0000000718b88e20}: 'int java.lang.invoke.DirectMethodHandle$Holder.invokeStatic(java.lang.Object, java.lang.Object, java.lang.Object, java.lang.Object)'> (0x0000000718b88e20) 
thrown [s\open\src\hotspot\share\interpreter\linkResolver.cpp, line 759]
Event: 0.382 Thread 0x000001eb3b170e30 Exception <a 'java/lang/NoSuchMethodError'{0x0000000718b8c7a0}: 'java.lang.Object java.lang.invoke.Invokers$Holder.invokeExact_MT(java.lang.Object, java.lang.Object, java.lang.Object, java.lang.Object, java.lang.Object, java.lang.Object)'> (0x0000000718b8c7a0) 
thrown [s\open\src\hotspot\share\interpreter\linkResolver.cpp, line 759]
Event: 0.383 Thread 0x000001eb3b170e30 Exception <a 'java/lang/NoSuchMethodError'{0x0000000718b9c510}: 'int java.lang.invoke.DirectMethodHandle$Holder.invokeStatic(java.lang.Object, java.lang.Object, java.lang.Object, java.lang.Object, java.lang.Object)'> (0x0000000718b9c510) 
thrown [s\open\src\hotspot\share\interpreter\linkResolver.cpp, line 759]
Event: 0.390 Thread 0x000001eb3b170e30 Exception <a 'java/lang/NoSuchMethodError'{0x0000000718bdb1f0}: 'void java.lang.invoke.DirectMethodHandle$Holder.invokeStaticInit(java.lang.Object)'> (0x0000000718bdb1f0) 
thrown [s\open\src\hotspot\share\interpreter\linkResolver.cpp, line 759]
Event: 0.414 Thread 0x000001eb3b170e30 Exception <a 'java/lang/NoSuchMethodError'{0x00000007188b1d20}: 'int java.lang.invoke.DirectMethodHandle$Holder.invokeStaticInit(java.lang.Object, java.lang.Object)'> (0x00000007188b1d20) 
thrown [s\open\src\hotspot\share\interpreter\linkResolver.cpp, line 759]
Event: 0.442 Thread 0x000001eb3b170e30 Exception <a 'java/lang/NoSuchMethodError'{0x00000007189a1b60}: 'java.lang.Object java.lang.invoke.DirectMethodHandle$Holder.newInvokeSpecial(java.lang.Object, java.lang.Object, java.lang.Object, java.lang.Object, java.lang.Object, java.lang.Object, java.lang.Object)'> (0x00000007189a1b60) 
thrown [s\open\src\hotspot\share\interpreter\linkResolver.cpp, line 759]
Event: 0.443 Thread 0x000001eb3b170e30 Exception <a 'java/lang/NoSuchMethodError'{0x00000007189a6718}: 'java.lang.Object java.lang.invoke.Invokers$Holder.linkToTargetMethod(java.lang.Object, java.lang.Object, java.lang.Object, java.lang.Object, java.lang.Object, java.lang.Object, java.lang.Object)'> (0x00000007189a6718) 
thrown [s\open\src\hotspot\share\interpreter\linkResolver.cpp, line 759]
Event: 0.444 Thread 0x000001eb3b170e30 Exception <a 'java/lang/NoSuchMethodError'{0x00000007189acbe0}: 'java.lang.Object java.lang.invoke.DirectMethodHandle$Holder.invokeInterface(java.lang.Object, java.lang.Object, java.lang.Object, java.lang.Object, java.lang.Object)'> (0x00000007189acbe0) 
thrown [s\open\src\hotspot\share\interpreter\linkResolver.cpp, line 759]
Event: 0.444 Thread 0x000001eb3b170e30 Exception <a 'java/lang/IncompatibleClassChangeError'{0x00000007189b09d8}: Found class java.lang.Object, but interface was expected> (0x00000007189b09d8) 
thrown [s\open\src\hotspot\share\interpreter\linkResolver.cpp, line 826]
Event: 0.482 Thread 0x000001eb3b170e30 Exception <a 'java/lang/ClassNotFoundException'{0x0000000718681b38}: sun/awt/resources/spi/awtProvider> (0x0000000718681b38) 
thrown [s\open\src\hotspot\share\classfile\systemDictionary.cpp, line 256]
Event: 0.494 Thread 0x000001eb3b170e30 Exception <a 'java/io/FileNotFoundException'{0x00000007186c7500}> (0x00000007186c7500) 
thrown [s\open\src\hotspot\share\prims\jni.cpp, line 516]
Event: 0.498 Thread 0x000001eb3b170e30 Exception <a 'java/io/FileNotFoundException'{0x00000007186f4978}> (0x00000007186f4978) 
thrown [s\open\src\hotspot\share\prims\jni.cpp, line 516]
Event: 0.549 Thread 0x000001eb3b170e30 Exception <a 'java/lang/reflect/InvocationTargetException'{0x0000000717a99f48}> (0x0000000717a99f48) 
thrown [s\open\src\hotspot\share\runtime\reflection.cpp, line 1121]
Event: 0.649 Thread 0x000001eb3b170e30 Exception <a 'java/lang/reflect/InvocationTargetException'{0x000000071560c1c0}> (0x000000071560c1c0) 
thrown [s\open\src\hotspot\share\runtime\reflection.cpp, line 1121]

VM Operations (20 events):
Event: 0.092 Executing VM operation: HandshakeAllThreads
Event: 0.092 Executing VM operation: HandshakeAllThreads done
Event: 0.155 Executing VM operation: HandshakeAllThreads
Event: 0.155 Executing VM operation: HandshakeAllThreads done
Event: 0.229 Executing VM operation: HandshakeAllThreads
Event: 0.229 Executing VM operation: HandshakeAllThreads done
Event: 0.255 Executing VM operation: HandshakeAllThreads
Event: 0.255 Executing VM operation: HandshakeAllThreads done
Event: 0.353 Executing VM operation: HandshakeAllThreads
Event: 0.353 Executing VM operation: HandshakeAllThreads done
Event: 0.446 Executing VM operation: HandshakeAllThreads
Event: 0.446 Executing VM operation: HandshakeAllThreads done
Event: 0.460 Executing VM operation: ICBufferFull
Event: 0.460 Executing VM operation: ICBufferFull done
Event: 0.469 Executing VM operation: HandshakeAllThreads
Event: 0.469 Executing VM operation: HandshakeAllThreads done
Event: 0.520 Executing VM operation: G1CollectForAllocation
Event: 0.524 Executing VM operation: G1CollectForAllocation done
Event: 0.588 Executing VM operation: G1CollectForAllocation
Event: 0.590 Executing VM operation: G1CollectForAllocation done

Events (20 events):
Event: 0.514 Thread 0x000001eb5f937040 Thread added: 0x000001eb5f937040
Event: 0.518 Thread 0x000001eb5f93dfd0 Thread added: 0x000001eb5f93dfd0
Event: 0.528 Thread 0x000001eb5f94e350 Thread added: 0x000001eb5f94e350
Event: 0.528 Thread 0x000001eb5f952c30 Thread added: 0x000001eb5f952c30
Event: 0.530 Thread 0x000001eb5f98d790 Thread added: 0x000001eb5f98d790
Event: 0.530 Thread 0x000001eb5f97d3b0 Thread added: 0x000001eb5f97d3b0
Event: 0.557 loading class java/util/concurrent/ConcurrentHashMap$ValueSpliterator
Event: 0.557 loading class java/util/concurrent/ConcurrentHashMap$ValueSpliterator done
Event: 0.559 loading class java/util/stream/SortedOps$RefSortingSink
Event: 0.559 loading class java/util/stream/SortedOps$RefSortingSink done
Event: 0.564 loading class java/util/regex/Pattern$SliceI
Event: 0.564 loading class java/util/regex/Pattern$SliceI done
Event: 0.564 loading class java/io/PrintWriter
Event: 0.565 loading class java/io/PrintWriter done
Event: 0.565 loading class java/lang/Throwable$WrappedPrintWriter
Event: 0.565 loading class java/lang/Throwable$PrintStreamOrWriter
Event: 0.565 loading class java/lang/Throwable$PrintStreamOrWriter done
Event: 0.565 loading class java/lang/Throwable$WrappedPrintWriter done
Event: 0.565 loading class java/lang/StackTraceElement$HashedModules
Event: 0.565 loading class java/lang/StackTraceElement$HashedModules done


Dynamic libraries:
0x00007ff7c8730000 - 0x00007ff7c8740000 	C:\Program Files\Java\jdk-17\bin\java.exe
0x00007ffb9a890000 - 0x00007ffb9aaa4000 	C:\WINDOWS\SYSTEM32\ntdll.dll
0x00007ffb9a2c0000 - 0x00007ffb9a382000 	C:\WINDOWS\System32\KERNEL32.DLL
0x00007ffb97f90000 - 0x00007ffb98333000 	C:\WINDOWS\System32\KERNELBASE.dll
0x00007ffb97cb0000 - 0x00007ffb97dc1000 	C:\WINDOWS\System32\ucrtbase.dll
0x00007ffb7dd90000 - 0x00007ffb7ddab000 	C:\Program Files\Java\jdk-17\bin\VCRUNTIME140.dll
0x00007ffb82200000 - 0x00007ffb82218000 	C:\Program Files\Java\jdk-17\bin\jli.dll
0x00007ffb988c0000 - 0x00007ffb9896e000 	C:\WINDOWS\System32\ADVAPI32.dll
0x00007ffb98e20000 - 0x00007ffb98ec7000 	C:\WINDOWS\System32\msvcrt.dll
0x00007ffb9a490000 - 0x00007ffb9a534000 	C:\WINDOWS\System32\sechost.dll
0x00007ffb98970000 - 0x00007ffb98a87000 	C:\WINDOWS\System32\RPCRT4.dll
0x00007ffb991a0000 - 0x00007ffb9934b000 	C:\WINDOWS\System32\USER32.dll
0x00007ffb97dd0000 - 0x00007ffb97df6000 	C:\WINDOWS\System32\win32u.dll
0x00007ffb88da0000 - 0x00007ffb8902e000 	C:\WINDOWS\WinSxS\amd64_microsoft.windows.common-controls_6595b64144ccf1df_6.0.22621.1635_none_270f70857386168e\COMCTL32.dll
0x00007ffb99170000 - 0x00007ffb99199000 	C:\WINDOWS\System32\GDI32.dll
0x00007ffb97e00000 - 0x00007ffb97f18000 	C:\WINDOWS\System32\gdi32full.dll
0x00007ffb985f0000 - 0x00007ffb9868a000 	C:\WINDOWS\System32\msvcp_win.dll
0x00007ffb8e940000 - 0x00007ffb8e94a000 	C:\WINDOWS\SYSTEM32\VERSION.dll
0x00007ffb99050000 - 0x00007ffb99081000 	C:\WINDOWS\System32\IMM32.DLL
0x00007ffb87250000 - 0x00007ffb8725c000 	C:\Program Files\Java\jdk-17\bin\vcruntime140_1.dll
0x00007ffb76180000 - 0x00007ffb7620e000 	C:\Program Files\Java\jdk-17\bin\msvcp140.dll
0x00007ffb35000000 - 0x00007ffb35bd7000 	C:\Program Files\Java\jdk-17\bin\server\jvm.dll
0x00007ffb9a840000 - 0x00007ffb9a848000 	C:\WINDOWS\System32\PSAPI.DLL
0x00007ffb947e0000 - 0x00007ffb947e9000 	C:\WINDOWS\SYSTEM32\WSOCK32.dll
0x00007ffb949f0000 - 0x00007ffb94a24000 	C:\WINDOWS\SYSTEM32\WINMM.dll
0x00007ffb99fe0000 - 0x00007ffb9a051000 	C:\WINDOWS\System32\WS2_32.dll
0x00007ffb96cb0000 - 0x00007ffb96cc8000 	C:\WINDOWS\SYSTEM32\kernel.appcore.dll
0x00007ffb83850000 - 0x00007ffb8385a000 	C:\Program Files\Java\jdk-17\bin\jimage.dll
0x00007ffb95640000 - 0x00007ffb9586e000 	C:\WINDOWS\SYSTEM32\DBGHELP.DLL
0x00007ffb98a90000 - 0x00007ffb98e19000 	C:\WINDOWS\System32\combase.dll
0x00007ffb99090000 - 0x00007ffb99167000 	C:\WINDOWS\System32\OLEAUT32.dll
0x00007ffb94a30000 - 0x00007ffb94a62000 	C:\WINDOWS\SYSTEM32\dbgcore.DLL
0x00007ffb98400000 - 0x00007ffb9847b000 	C:\WINDOWS\System32\bcryptPrimitives.dll
0x00007ffb7e270000 - 0x00007ffb7e27e000 	C:\Program Files\Java\jdk-17\bin\instrument.dll
0x00007ffb765a0000 - 0x00007ffb765c5000 	C:\Program Files\Java\jdk-17\bin\java.dll
0x00007ffb6e660000 - 0x00007ffb6e737000 	C:\Program Files\Java\jdk-17\bin\jsvml.dll
0x00007ffb997d0000 - 0x00007ffb99fca000 	C:\WINDOWS\System32\SHELL32.dll
0x00007ffb95cb0000 - 0x00007ffb9657e000 	C:\WINDOWS\SYSTEM32\windows.storage.dll
0x00007ffb95b70000 - 0x00007ffb95cae000 	C:\WINDOWS\SYSTEM32\wintypes.dll
0x00007ffb987c0000 - 0x00007ffb988b1000 	C:\WINDOWS\System32\SHCORE.dll
0x00007ffb9a7d0000 - 0x00007ffb9a82e000 	C:\WINDOWS\System32\shlwapi.dll
0x00007ffb97be0000 - 0x00007ffb97c01000 	C:\WINDOWS\SYSTEM32\profapi.dll
0x00007ffb79310000 - 0x00007ffb79328000 	C:\Program Files\Java\jdk-17\bin\zip.dll
0x00007ffb7d540000 - 0x00007ffb7d559000 	C:\Program Files\java\jdk-17\bin\net.dll
0x00007ffb8e580000 - 0x00007ffb8e6b7000 	C:\WINDOWS\SYSTEM32\WINHTTP.dll
0x00007ffb97170000 - 0x00007ffb971d9000 	C:\WINDOWS\system32\mswsock.dll
0x00007ffb7b2d0000 - 0x00007ffb7b2e6000 	C:\Program Files\java\jdk-17\bin\nio.dll
0x00007ffb760e0000 - 0x00007ffb760fa000 	C:\Program Files\JetBrains\IntelliJ IDEA Community Edition 2022.3.2\bin\breakgen64.dll
0x00007ffb77a50000 - 0x00007ffb77a60000 	C:\Program Files\Java\jdk-17\bin\verify.dll
0x00007ffb69360000 - 0x00007ffb694f1000 	C:\Program Files\java\jdk-17\bin\awt.dll
0x00007ffb948a0000 - 0x00007ffb94937000 	C:\WINDOWS\SYSTEM32\apphelp.dll

dbghelp: loaded successfully - version: 4.0.5 - missing functions: none
symbol engine: initialized successfully - sym options: 0x614 - pdb path: .;C:\Program Files\Java\jdk-17\bin;C:\WINDOWS\SYSTEM32;C:\WINDOWS\WinSxS\amd64_microsoft.windows.common-controls_6595b64144ccf1df_6.0.22621.1635_none_270f70857386168e;C:\Program Files\Java\jdk-17\bin\server;C:\Program Files\JetBrains\IntelliJ IDEA Community Edition 2022.3.2\bin

VM Arguments:
jvm_args: -ea -Didea.test.cyclic.buffer.size=1048576 -javaagent:C:\Program Files\JetBrains\IntelliJ IDEA Community Edition 2022.3.2\lib\idea_rt.jar=64638:C:\Program Files\JetBrains\IntelliJ IDEA Community Edition 2022.3.2\bin -Dfile.encoding=UTF-8 
java_command: com.intellij.rt.junit.JUnitStarter -ideVersion5 -junit5 renderer.ReflectionRefractionTests
java_class_path (initial): C:\Users\sapir\.m2\repository\org\junit\platform\junit-platform-launcher\1.8.1\junit-platform-launcher-1.8.1.jar;C:\Users\sapir\.m2\repository\org\junit\platform\junit-platform-engine\1.8.1\junit-platform-engine-1.8.1.jar;C:\Users\sapir\.m2\repository\org\opentest4j\opentest4j\1.2.0\opentest4j-1.2.0.jar;C:\Users\sapir\.m2\repository\org\junit\platform\junit-platform-commons\1.8.1\junit-platform-commons-1.8.1.jar;C:\Users\sapir\.m2\repository\org\apiguardian\apiguardian-api\1.1.2\apiguardian-api-1.1.2.jar;C:\Users\sapir\.m2\repository\org\junit\vintage\junit-vintage-engine\5.8.1\junit-vintage-engine-5.8.1.jar;C:\Program Files\JetBrains\IntelliJ IDEA Community Edition 2022.3.2\lib\idea_rt.jar;C:\Program Files\JetBrains\IntelliJ IDEA Community Edition 2022.3.2\plugins\junit\lib\junit5-rt.jar;C:\Program Files\JetBrains\IntelliJ IDEA Community Edition 2022.3.2\plugins\junit\lib\junit-rt.jar;C:\Users\sapir\IdeaProjects\ISE5783_3368_0044\out\test\ISE5783_3368_0044;C:\Users\sapir\IdeaProjects\ISE5783_3368_0044\out\production\ISE5783_3368_0044;C:\Users\sapir\IdeaProjects\ISE5783_3368_0044\lib\junit-4.13.1.jar;C:\Users\sapir\IdeaProjects\ISE5783_3368_0044\lib\hamcrest-core-1.3.jar;C:\Users\sapir\IdeaProjects\ISE5783_3368_0044\lib\junit-jupiter-5.8.1.jar;C:\Users\sapir\IdeaProjects\ISE5783_3368_0044\lib\junit-jupiter-api-5.8.1.jar;C:\Users\sapir\IdeaProjects\ISE5783_3368_0044\lib\opentest4j-1.2.0.jar;C:\Users\sapir\IdeaProjects\ISE5783_3368_0044\lib\junit-platform-commons-1.8.1.jar;C:\Users\sapir\IdeaProjects\ISE5783_3368_0044\lib\apiguardian-api-1.1.2.jar;C:\Users\sapir\IdeaProjects\ISE5783_3368_0044\lib\junit-jupiter-params-5.8.1.jar;C:\Users\sapir\IdeaProjects\ISE5783_3368_0044\lib\junit-jupiter-engine-5.8.1.jar;C:\Users\sapir\IdeaProjects\ISE5783_3368_0044\lib\junit-platform-engine-1.8.1.jar;C:\Users\sapir\IdeaProjects\ISE5783_3368_0044\lib\testng-7.1.0.jar;C:\Users\sapir\IdeaProjects\ISE5783_3368_0044\lib\jcommander-1.72.jar;C:\Users\sapir\Ide
Launcher Type: SUN_STANDARD

[Global flags]
     intx CICompilerCount                          = 12                                        {product} {ergonomic}
     uint ConcGCThreads                            = 3                                         {product} {ergonomic}
     uint G1ConcRefinementThreads                  = 13                                        {product} {ergonomic}
   size_t G1HeapRegionSize                         = 2097152                                   {product} {ergonomic}
    uintx GCDrainStackTargetSize                   = 64                                        {product} {ergonomic}
   size_t InitialHeapSize                          = 257949696                                 {product} {ergonomic}
   size_t MarkStackSize                            = 4194304                                   {product} {ergonomic}
   size_t MaxHeapSize                              = 4125097984                                {product} {ergonomic}
   size_t MaxNewSize                               = 2474639360                                {product} {ergonomic}
   size_t MinHeapDeltaBytes                        = 2097152                                   {product} {ergonomic}
   size_t MinHeapSize                              = 8388608                                   {product} {ergonomic}
    uintx NonNMethodCodeHeapSize                   = 7602480                                {pd product} {ergonomic}
    uintx NonProfiledCodeHeapSize                  = 122027880                              {pd product} {ergonomic}
    uintx ProfiledCodeHeapSize                     = 122027880                              {pd product} {ergonomic}
    uintx ReservedCodeCacheSize                    = 251658240                              {pd product} {ergonomic}
     bool SegmentedCodeCache                       = true                                      {product} {ergonomic}
   size_t SoftMaxHeapSize                          = 4125097984                             {manageable} {ergonomic}
     bool UseCompressedClassPointers               = true                           {product lp64_product} {ergonomic}
     bool UseCompressedOops                        = true                           {product lp64_product} {ergonomic}
     bool UseG1GC                                  = true                                      {product} {ergonomic}
     bool UseLargePagesIndividualAllocation        = false                                  {pd product} {ergonomic}

Logging:
Log output configuration:
 #0: stdout all=warning uptime,level,tags
 #1: stderr all=off uptime,level,tags

Environment Variables:
JAVA_HOME=C:\Program Files\java\jdk-17
PATH=C:\Program Files\Common Files\Oracle\Java\javapath;C:\Program Files (x86)\Common Files\Oracle\Java\javapath;C:\Windows\system32;C:\Windows;C:\Windows\System32\Wbem;C:\Windows\System32\WindowsPowerShell\v1.0\;C:\Windows\System32\OpenSSH\;C:\Program Files\Microsoft SQL Server\150\Tools\Binn\;C:\Program Files\dotnet\;C:\Program Files\Git\cmd;C:\WINDOWS\system32;C:\WINDOWS;C:\WINDOWS\System32\Wbem;C:\WINDOWS\System32\WindowsPowerShell\v1.0\;C:\WINDOWS\System32\OpenSSH\;C:\Users\sapir\AppData\Local\Programs\Python\Python39\Scripts\;C:\Users\sapir\AppData\Local\Programs\Python\Python39\;C:\Users\sapir\AppData\Local\Microsoft\WindowsApps;C:\Program Files\JetBrains\PyCharm Community Edition 2022.2\bin;;C:\Users\sapir\.dotnet\tools;C:\Program Files\java\jdk-17\bin;
USERNAME=sapir
OS=Windows_NT
PROCESSOR_IDENTIFIER=AMD64 Family 23 Model 104 Stepping 1, AuthenticAMD



---------------  S Y S T E M  ---------------

OS:
 Windows 11 , 64 bit Build 22621 (10.0.22621.1635)
OS uptime: 3 days 17:46 hours

CPU: total 16 (initial active 16) (16 cores per cpu, 2 threads per core) family 23 model 104 stepping 1 microcode 0x0, cx8, cmov, fxsr, ht, mmx, 3dnowpref, sse, sse2, sse3, ssse3, sse4a, sse4.1, sse4.2, popcnt, lzcnt, tsc, tscinvbit, avx, avx2, aes, clmul, bmi1, bmi2, adx, sha, fma, vzeroupper, clflush, clflushopt

Memory: 4k page, system-wide physical 15734M (6051M free)
TotalPageFile size 18166M (AvailPageFile size 3433M)
current process WorkingSet (physical memory assigned to process): 147M, peak: 148M
current process commit charge ("private bytes"): 385M, peak: 387M

vm_info: Java HotSpot(TM) 64-Bit Server VM (17.0.6+9-LTS-190) for windows-amd64 JRE (17.0.6+9-LTS-190), built on Dec  6 2022 15:53:54 by "mach5one" with MS VC++ 17.1 (VS2022)

END.
