#
# A fatal error has been detected by the Java Runtime Environment:
#
#  EXCEPTION_ACCESS_VIOLATION (0xc0000005) at pc=0x00007ffb3557d422, pid=22684, tid=11892
#
# JRE version: Java(TM) SE Runtime Environment (17.0.6+9) (build 17.0.6+9-LTS-190)
# Java VM: Java HotSpot(TM) 64-Bit Server VM (17.0.6+9-LTS-190, mixed mode, sharing, tiered, compressed oops, compressed class ptrs, g1 gc, windows-amd64)
# Problematic frame:
# V  [jvm.dll+0x57d422]
#
# No core dump will be written. Minidumps are not enabled by default on client versions of Windows
#
# If you would like to submit a bug report, please visit:
#   https://bugreport.java.com/bugreport/crash.jsp
#

---------------  S U M M A R Y ------------

Command Line: -ea -Didea.test.cyclic.buffer.size=1048576 -javaagent:C:\Program Files\JetBrains\IntelliJ IDEA Community Edition 2022.3.2\lib\idea_rt.jar=64669:C:\Program Files\JetBrains\IntelliJ IDEA Community Edition 2022.3.2\bin -Dfile.encoding=UTF-8 com.intellij.rt.junit.JUnitStarter -ideVersion5 -junit5 renderer.ReflectionRefractionTests

Host: AMD Ryzen 7 5700U with Radeon Graphics         , 16 cores, 15G,  Windows 11 , 64 bit Build 22621 (10.0.22621.1635)
Time: Wed May 17 14:53:32 2023 Jerusalem Daylight Time elapsed time: 0.654040 seconds (0d 0h 0m 0s)

---------------  T H R E A D  ---------------

Current thread (0x0000022b2750ff60):  JavaThread "C2 CompilerThread2" daemon [_thread_in_native, id=11892, stack(0x0000007b72500000,0x0000007b72600000)]


Current CompileTask:
C2:    654 1400   !   4       geometries.Triangle::findGeoIntersectionsHelper (240 bytes)

Stack: [0x0000007b72500000,0x0000007b72600000],  sp=0x0000007b725faa00,  free space=1002k
Native frames: (J=compiled Java code, j=interpreted, Vv=VM code, C=native code)
V  [jvm.dll+0x57d422]
V  [jvm.dll+0x57d134]
V  [jvm.dll+0x57c388]
V  [jvm.dll+0x21e142]
V  [jvm.dll+0x2177c5]
V  [jvm.dll+0x215109]
V  [jvm.dll+0x1a1730]
V  [jvm.dll+0x224b6e]
V  [jvm.dll+0x222f15]
V  [jvm.dll+0x78753c]
V  [jvm.dll+0x781a7a]
V  [jvm.dll+0x672375]
C  [ucrtbase.dll+0x29363]
C  [KERNEL32.DLL+0x126ad]
C  [ntdll.dll+0x5a9f8]


siginfo: EXCEPTION_ACCESS_VIOLATION (0xc0000005), reading address 0x0000000000000008


Register to memory mapping:

RIP=0x00007ffb3557d422 jvm.dll
RAX=0x0000022b28834c30 points into unknown readable memory: 0x0000000000000000 | 00 00 00 00 00 00 00 00
RBX=0x0 is NULL
RCX=0x0 is NULL
RDX=0x0000007b725fae60 is pointing into the stack for thread: 0x0000022b2750ff60
RSP=0x0000007b725faa00 is pointing into the stack for thread: 0x0000022b2750ff60
RBP=0x0000022b27a2d478 points into unknown readable memory: 0x00007ffb358b5100 | 00 51 8b 35 fb 7f 00 00
RSI=0x0000022b28c1cf70 points into unknown readable memory: 0x0000000000000000 | 00 00 00 00 00 00 00 00
RDI=0x0000007b725fae30 is pointing into the stack for thread: 0x0000022b2750ff60
R8 =0x0000022b28834c30 points into unknown readable memory: 0x0000000000000000 | 00 00 00 00 00 00 00 00
R9 =0x0000000000002000 is an unknown value
R10=0xfefefefefefefeff is an unknown value
R11=0x8080808080808080 is an unknown value
R12=0x0000007b725faaf8 is pointing into the stack for thread: 0x0000022b2750ff60
R13=0x0000007b725faad0 is pointing into the stack for thread: 0x0000022b2750ff60
R14=0x0000022b27a30260 points into unknown readable memory: 0x00007ffb359350b0 | b0 50 93 35 fb 7f 00 00
R15=0x0000022b27ef05a0 points into unknown readable memory: 0x00007ffb3584f640 | 40 f6 84 35 fb 7f 00 00


Registers:
RAX=0x0000022b28834c30, RBX=0x0000000000000000, RCX=0x0000000000000000, RDX=0x0000007b725fae60
RSP=0x0000007b725faa00, RBP=0x0000022b27a2d478, RSI=0x0000022b28c1cf70, RDI=0x0000007b725fae30
R8 =0x0000022b28834c30, R9 =0x0000000000002000, R10=0xfefefefefefefeff, R11=0x8080808080808080
R12=0x0000007b725faaf8, R13=0x0000007b725faad0, R14=0x0000022b27a30260, R15=0x0000022b27ef05a0
RIP=0x00007ffb3557d422, EFLAGS=0x0000000000010206

Top of Stack: (sp=0x0000007b725faa00)
0x0000007b725faa00:   0000007b725fae30 0000022b27a30260
0x0000007b725faa10:   0000022b27ef05a0 0000022b27a2d478
0x0000007b725faa20:   0000000000000003 0000007b725fab18
0x0000007b725faa30:   0000022b280c8a18 00007ffb3557d134
0x0000007b725faa40:   0000000000000012 000000000000003f
0x0000007b725faa50:   0000007b725faaf8 0000022b27a30260
0x0000007b725faa60:   0000022b27510830 0000022b275107e0
0x0000007b725faa70:   0000022b2752db88 0000007b725faba0
0x0000007b725faa80:   0000022b02fe01d0 0000000000000000
0x0000007b725faa90:   0000007b725fae30 00007ffb3557c388
0x0000007b725faaa0:   0000007b725fae30 0000000000000001
0x0000007b725faab0:   0000022b00000003 0000007b725fab18
0x0000007b725faac0:   0000022b2750be80 0000022b2841b530
0x0000007b725faad0:   0000022b26586540 0000000000000200
0x0000007b725faae0:   0000022b273fe030 00000000000001cd
0x0000007b725faaf0:   0000000000000000 0000000000000080 

Instructions: (pc=0x00007ffb3557d422)
0x00007ffb3557d322:   4a 0d 00 48 8b 47 30 48 c7 04 d8 00 00 00 00 48
0x00007ffb3557d332:   83 c4 20 41 5e 5f 5b c3 49 8b d6 4c 89 7c 24 58
0x00007ffb3557d342:   48 8b cf e8 26 c8 fe ff 45 33 c9 4c 8b c0 49 8b
0x00007ffb3557d352:   d6 48 8b cf 4c 8b f8 e8 62 13 00 00 41 8b 4e 2c
0x00007ffb3557d362:   48 8b d8 83 e1 3f 80 f9 30 75 19 49 3b c7 74 14
0x00007ffb3557d372:   4c 8b c8 4d 8b c7 49 8b d6 48 8b cf e8 dd 3b 00
0x00007ffb3557d382:   00 48 8b d8 48 89 74 24 48 48 85 db 75 55 41 8b
0x00007ffb3557d392:   5e 28 3b 5f 28 72 0b 8b d3 48 8d 4f 20 e8 3c 4a
0x00007ffb3557d3a2:   0d 00 48 8b 47 30 48 c7 04 d8 00 00 00 00 8b 9f
0x00007ffb3557d3b2:   d0 09 00 00 8d 43 01 89 87 d0 09 00 00 3b 9f c0
0x00007ffb3557d3c2:   09 00 00 72 0e 8b d3 48 8d 8f b8 09 00 00 e8 0b
0x00007ffb3557d3d2:   4a 0d 00 48 8b 87 c8 09 00 00 4c 89 34 d8 e9 30
0x00007ffb3557d3e2:   03 00 00 48 89 6c 24 40 48 8b eb 4c 3b fb 0f 84
0x00007ffb3557d3f2:   75 02 00 00 44 8b 4f 28 48 8d 57 30 4c 89 64 24
0x00007ffb3557d402:   50 0f 1f 40 00 66 0f 1f 84 00 00 00 00 00 8b 4b
0x00007ffb3557d412:   28 48 8b 87 f8 09 00 00 48 8b 1c c8 4c 8d 04 c8
0x00007ffb3557d422:   48 8b 43 08 48 83 38 00 75 2b 0f 1f 40 00 8b 43
0x00007ffb3557d432:   28 41 3b c1 73 0b 8b c8 48 8b 02 48 8b 1c c8 eb
0x00007ffb3557d442:   02 33 db 48 83 e3 fe 48 8d 57 30 48 8b 43 08 48
0x00007ffb3557d452:   83 38 00 74 d9 49 89 18 8b 43 28 3b 47 28 73 0f
0x00007ffb3557d462:   8b c8 48 8b 47 30 48 8b 34 c8 48 85 f6 75 07 48
0x00007ffb3557d472:   8b b7 90 09 00 00 48 85 ed 75 24 4c 8d 0d 2c e1
0x00007ffb3557d482:   36 00 ba b0 03 00 00 4c 8d 05 30 e1 36 00 48 8d
0x00007ffb3557d492:   0d a9 ee 35 00 e8 14 5e cc ff e8 bf 5b 0f 00 8b
0x00007ffb3557d4a2:   45 28 44 8b 4f 28 41 3b c1 73 13 8b c8 48 8d 57
0x00007ffb3557d4b2:   30 48 8b 47 30 4c 8b 04 c8 4d 85 c0 75 0b 4c 8b
0x00007ffb3557d4c2:   87 90 09 00 00 48 8d 57 30 41 0f b7 40 58 48 8b
0x00007ffb3557d4d2:   cb 66 39 46 58 48 0f 43 cd 48 8b e9 4c 3b fb 0f
0x00007ffb3557d4e2:   85 29 ff ff ff 49 3b cf 0f 84 76 01 00 00 8b 41
0x00007ffb3557d4f2:   2c 48 8b f1 24 0f 3c 08 75 68 0f 1f 40 00 33 d2
0x00007ffb3557d502:   48 8b ce e8 46 4b 0c 00 48 85 c0 74 55 48 8b c8
0x00007ffb3557d512:   e8 59 d3 c2 ff 85 c0 79 49 f7 d0 c1 f8 03 83 e0 


Stack slot to memory mapping:
stack at sp + 0 slots: 0x0000007b725fae30 is pointing into the stack for thread: 0x0000022b2750ff60
stack at sp + 1 slots: 0x0000022b27a30260 points into unknown readable memory: 0x00007ffb359350b0 | b0 50 93 35 fb 7f 00 00
stack at sp + 2 slots: 0x0000022b27ef05a0 points into unknown readable memory: 0x00007ffb3584f640 | 40 f6 84 35 fb 7f 00 00
stack at sp + 3 slots: 0x0000022b27a2d478 points into unknown readable memory: 0x00007ffb358b5100 | 00 51 8b 35 fb 7f 00 00
stack at sp + 4 slots: 0x0000000000000003 is an unknown value
stack at sp + 5 slots: 0x0000007b725fab18 is pointing into the stack for thread: 0x0000022b2750ff60
stack at sp + 6 slots: 0x0000022b280c8a18 points into unknown readable memory: 0x00007ffb358cd1c8 | c8 d1 8c 35 fb 7f 00 00
stack at sp + 7 slots: 0x00007ffb3557d134 jvm.dll


---------------  P R O C E S S  ---------------

Threads class SMR info:
_java_thread_list=0x0000022b2750f1a0, length=22, elements={
0x0000022b02fef710, 0x0000022b262efaf0, 0x0000022b262f04a0, 0x0000022b26305c10,
0x0000022b263067d0, 0x0000022b26307790, 0x0000022b26308140, 0x0000022b263091f0,
0x0000022b2630a7c0, 0x0000022b2630b1b0, 0x0000022b25c76a40, 0x0000022b264212e0,
0x0000022b26436300, 0x0000022b26467820, 0x0000022b264e9530, 0x0000022b264f71e0,
0x0000022b274c9cd0, 0x0000022b2750ff60, 0x0000022b27531bb0, 0x0000022b275320c0,
0x0000022b27529350, 0x0000022b27530d30
}

Java Threads: ( => current thread )
  0x0000022b02fef710 JavaThread "main" [_thread_blocked, id=21740, stack(0x0000007b70800000,0x0000007b70900000)]
  0x0000022b262efaf0 JavaThread "Reference Handler" daemon [_thread_blocked, id=11808, stack(0x0000007b70f00000,0x0000007b71000000)]
  0x0000022b262f04a0 JavaThread "Finalizer" daemon [_thread_blocked, id=11736, stack(0x0000007b71000000,0x0000007b71100000)]
  0x0000022b26305c10 JavaThread "Signal Dispatcher" daemon [_thread_blocked, id=15112, stack(0x0000007b71100000,0x0000007b71200000)]
  0x0000022b263067d0 JavaThread "Attach Listener" daemon [_thread_blocked, id=2472, stack(0x0000007b71200000,0x0000007b71300000)]
  0x0000022b26307790 JavaThread "Service Thread" daemon [_thread_blocked, id=11272, stack(0x0000007b71300000,0x0000007b71400000)]
  0x0000022b26308140 JavaThread "Monitor Deflation Thread" daemon [_thread_blocked, id=2744, stack(0x0000007b71400000,0x0000007b71500000)]
  0x0000022b263091f0 JavaThread "C2 CompilerThread0" daemon [_thread_blocked, id=9800, stack(0x0000007b71500000,0x0000007b71600000)]
  0x0000022b2630a7c0 JavaThread "C1 CompilerThread0" daemon [_thread_blocked, id=2288, stack(0x0000007b71600000,0x0000007b71700000)]
  0x0000022b2630b1b0 JavaThread "Sweeper thread" daemon [_thread_blocked, id=12780, stack(0x0000007b71700000,0x0000007b71800000)]
  0x0000022b25c76a40 JavaThread "Common-Cleaner" daemon [_thread_blocked, id=13376, stack(0x0000007b71800000,0x0000007b71900000)]
  0x0000022b264212e0 JavaThread "C1 CompilerThread1" daemon [_thread_blocked, id=16444, stack(0x0000007b71900000,0x0000007b71a00000)]
  0x0000022b26436300 JavaThread "C1 CompilerThread2" daemon [_thread_blocked, id=20584, stack(0x0000007b71a00000,0x0000007b71b00000)]
  0x0000022b26467820 JavaThread "C2 CompilerThread1" daemon [_thread_blocked, id=9692, stack(0x0000007b71b00000,0x0000007b71c00000)]
  0x0000022b264e9530 JavaThread "Monitor Ctrl-Break" daemon [_thread_in_native, id=23072, stack(0x0000007b71c00000,0x0000007b71d00000)]
  0x0000022b264f71e0 JavaThread "Notification Thread" daemon [_thread_blocked, id=21168, stack(0x0000007b71d00000,0x0000007b71e00000)]
  0x0000022b274c9cd0 JavaThread "C1 CompilerThread3" daemon [_thread_blocked, id=22584, stack(0x0000007b71f00000,0x0000007b72000000)]
=>0x0000022b2750ff60 JavaThread "C2 CompilerThread2" daemon [_thread_in_native, id=11892, stack(0x0000007b72500000,0x0000007b72600000)]
  0x0000022b27531bb0 JavaThread "C2 CompilerThread3" daemon [_thread_in_native, id=20356, stack(0x0000007b72600000,0x0000007b72700000)]
  0x0000022b275320c0 JavaThread "C2 CompilerThread4" daemon [_thread_blocked, id=23080, stack(0x0000007b72700000,0x0000007b72800000)]
  0x0000022b27529350 JavaThread "C2 CompilerThread5" daemon [_thread_in_native, id=19268, stack(0x0000007b72800000,0x0000007b72900000)]
  0x0000022b27530d30 JavaThread "C2 CompilerThread6" daemon [_thread_in_native, id=18480, stack(0x0000007b72900000,0x0000007b72a00000)]

Other Threads:
  0x0000022b262e9d50 VMThread "VM Thread" [stack: 0x0000007b70e00000,0x0000007b70f00000] [id=16552]
  0x0000022b264f78c0 WatcherThread [stack: 0x0000007b71e00000,0x0000007b71f00000] [id=15716]
  0x0000022b0305a530 GCTaskThread "GC Thread#0" [stack: 0x0000007b70900000,0x0000007b70a00000] [id=8788]
  0x0000022b27185a00 GCTaskThread "GC Thread#1" [stack: 0x0000007b72000000,0x0000007b72100000] [id=8148]
  0x0000022b27186a20 GCTaskThread "GC Thread#2" [stack: 0x0000007b72100000,0x0000007b72200000] [id=13196]
  0x0000022b271851f0 GCTaskThread "GC Thread#3" [stack: 0x0000007b72200000,0x0000007b72300000] [id=16736]
  0x0000022b271854a0 GCTaskThread "GC Thread#4" [stack: 0x0000007b72300000,0x0000007b72400000] [id=22012]
  0x0000022b27185f60 GCTaskThread "GC Thread#5" [stack: 0x0000007b72400000,0x0000007b72500000] [id=11628]
  0x0000022b0306aa40 ConcurrentGCThread "G1 Main Marker" [stack: 0x0000007b70a00000,0x0000007b70b00000] [id=19972]
  0x0000022b0306b5b0 ConcurrentGCThread "G1 Conc#0" [stack: 0x0000007b70b00000,0x0000007b70c00000] [id=14456]
  0x0000022b25b46fa0 ConcurrentGCThread "G1 Refine#0" [stack: 0x0000007b70c00000,0x0000007b70d00000] [id=18252]
  0x0000022b25b47b60 ConcurrentGCThread "G1 Service" [stack: 0x0000007b70d00000,0x0000007b70e00000] [id=6156]

Threads with active compile tasks:
C2 CompilerThread2      678 1400   !   4       geometries.Triangle::findGeoIntersectionsHelper (240 bytes)
C2 CompilerThread3      678 1387       4       renderer.RayTracerBasic::traceRay (37 bytes)
C2 CompilerThread5      678 1410       4       renderer.Camera::castRay (17 bytes)
C2 CompilerThread6      678 1386       4       geometries.Geometries::findGeoIntersectionsHelper (105 bytes)

VM state: not at safepoint (normal execution)

VM Mutex/Monitor currently owned by a thread: None

Heap address: 0x000000070a200000, size: 3934 MB, Compressed Oops mode: Zero based, Oop shift amount: 3

CDS archive(s) mapped at: [0x0000000800000000-0x0000000800bd0000-0x0000000800bd0000), size 12386304, SharedBaseAddress: 0x0000000800000000, ArchiveRelocationMode: 0.
Compressed class space mapped at: 0x0000000800c00000-0x0000000840c00000, reserved size: 1073741824
Narrow klass base: 0x0000000800000000, Narrow klass shift: 0, Narrow klass range: 0x100000000

GC Precious Log:
 CPUs: 16 total, 16 available
 Memory: 15734M
 Large Page Support: Disabled
 NUMA Support: Disabled
 Compressed Oops: Enabled (Zero based)
 Heap Region Size: 2M
 Heap Min Capacity: 8M
 Heap Initial Capacity: 246M
 Heap Max Capacity: 3934M
 Pre-touch: Disabled
 Parallel Workers: 13
 Concurrent Workers: 3
 Concurrent Refinement Workers: 13
 Periodic GC: Disabled

Heap:
 garbage-first heap   total 251904K, used 68376K [0x000000070a200000, 0x0000000800000000)
  region size 2048K, 33 young (67584K), 1 survivors (2048K)
 Metaspace       used 5581K, committed 5760K, reserved 1056768K
  class space    used 705K, committed 768K, reserved 1048576K

Heap Regions: E=young(eden), S=young(survivor), O=old, HS=humongous(starts), HC=humongous(continues), CS=collection set, F=free, OA=open archive, CA=closed archive, TAMS=top-at-mark-start (previous, next)
|   0|0x000000070a200000, 0x000000070a400000, 0x000000070a400000|100%|HS|  |TAMS 0x000000070a200000, 0x000000070a200000| Complete 
|   1|0x000000070a400000, 0x000000070a600000, 0x000000070a600000|100%| O|  |TAMS 0x000000070a400000, 0x000000070a400000| Untracked 
|   2|0x000000070a600000, 0x000000070a65e600, 0x000000070a800000| 18%| O|  |TAMS 0x000000070a600000, 0x000000070a600000| Untracked 
|   3|0x000000070a800000, 0x000000070a800000, 0x000000070aa00000|  0%| F|  |TAMS 0x000000070a800000, 0x000000070a800000| Untracked 
|   4|0x000000070aa00000, 0x000000070aa00000, 0x000000070ac00000|  0%| F|  |TAMS 0x000000070aa00000, 0x000000070aa00000| Untracked 
|   5|0x000000070ac00000, 0x000000070ac00000, 0x000000070ae00000|  0%| F|  |TAMS 0x000000070ac00000, 0x000000070ac00000| Untracked 
|   6|0x000000070ae00000, 0x000000070ae00000, 0x000000070b000000|  0%| F|  |TAMS 0x000000070ae00000, 0x000000070ae00000| Untracked 
|   7|0x000000070b000000, 0x000000070b000000, 0x000000070b200000|  0%| F|  |TAMS 0x000000070b000000, 0x000000070b000000| Untracked 
|   8|0x000000070b200000, 0x000000070b200000, 0x000000070b400000|  0%| F|  |TAMS 0x000000070b200000, 0x000000070b200000| Untracked 
|   9|0x000000070b400000, 0x000000070b400000, 0x000000070b600000|  0%| F|  |TAMS 0x000000070b400000, 0x000000070b400000| Untracked 
|  10|0x000000070b600000, 0x000000070b600000, 0x000000070b800000|  0%| F|  |TAMS 0x000000070b600000, 0x000000070b600000| Untracked 
|  11|0x000000070b800000, 0x000000070b800000, 0x000000070ba00000|  0%| F|  |TAMS 0x000000070b800000, 0x000000070b800000| Untracked 
|  12|0x000000070ba00000, 0x000000070ba00000, 0x000000070bc00000|  0%| F|  |TAMS 0x000000070ba00000, 0x000000070ba00000| Untracked 
|  13|0x000000070bc00000, 0x000000070bc00000, 0x000000070be00000|  0%| F|  |TAMS 0x000000070bc00000, 0x000000070bc00000| Untracked 
|  14|0x000000070be00000, 0x000000070be00000, 0x000000070c000000|  0%| F|  |TAMS 0x000000070be00000, 0x000000070be00000| Untracked 
|  15|0x000000070c000000, 0x000000070c000000, 0x000000070c200000|  0%| F|  |TAMS 0x000000070c000000, 0x000000070c000000| Untracked 
|  16|0x000000070c200000, 0x000000070c200000, 0x000000070c400000|  0%| F|  |TAMS 0x000000070c200000, 0x000000070c200000| Untracked 
|  17|0x000000070c400000, 0x000000070c400000, 0x000000070c600000|  0%| F|  |TAMS 0x000000070c400000, 0x000000070c400000| Untracked 
|  18|0x000000070c600000, 0x000000070c600000, 0x000000070c800000|  0%| F|  |TAMS 0x000000070c600000, 0x000000070c600000| Untracked 
|  19|0x000000070c800000, 0x000000070c800000, 0x000000070ca00000|  0%| F|  |TAMS 0x000000070c800000, 0x000000070c800000| Untracked 
|  20|0x000000070ca00000, 0x000000070ca00000, 0x000000070cc00000|  0%| F|  |TAMS 0x000000070ca00000, 0x000000070ca00000| Untracked 
|  21|0x000000070cc00000, 0x000000070cc00000, 0x000000070ce00000|  0%| F|  |TAMS 0x000000070cc00000, 0x000000070cc00000| Untracked 
|  22|0x000000070ce00000, 0x000000070ce00000, 0x000000070d000000|  0%| F|  |TAMS 0x000000070ce00000, 0x000000070ce00000| Untracked 
|  23|0x000000070d000000, 0x000000070d000000, 0x000000070d200000|  0%| F|  |TAMS 0x000000070d000000, 0x000000070d000000| Untracked 
|  24|0x000000070d200000, 0x000000070d200000, 0x000000070d400000|  0%| F|  |TAMS 0x000000070d200000, 0x000000070d200000| Untracked 
|  25|0x000000070d400000, 0x000000070d400000, 0x000000070d600000|  0%| F|  |TAMS 0x000000070d400000, 0x000000070d400000| Untracked 
|  26|0x000000070d600000, 0x000000070d600000, 0x000000070d800000|  0%| F|  |TAMS 0x000000070d600000, 0x000000070d600000| Untracked 
|  27|0x000000070d800000, 0x000000070d800000, 0x000000070da00000|  0%| F|  |TAMS 0x000000070d800000, 0x000000070d800000| Untracked 
|  28|0x000000070da00000, 0x000000070da00000, 0x000000070dc00000|  0%| F|  |TAMS 0x000000070da00000, 0x000000070da00000| Untracked 
|  29|0x000000070dc00000, 0x000000070dc00000, 0x000000070de00000|  0%| F|  |TAMS 0x000000070dc00000, 0x000000070dc00000| Untracked 
|  30|0x000000070de00000, 0x000000070de00000, 0x000000070e000000|  0%| F|  |TAMS 0x000000070de00000, 0x000000070de00000| Untracked 
|  31|0x000000070e000000, 0x000000070e000000, 0x000000070e200000|  0%| F|  |TAMS 0x000000070e000000, 0x000000070e000000| Untracked 
|  32|0x000000070e200000, 0x000000070e200000, 0x000000070e400000|  0%| F|  |TAMS 0x000000070e200000, 0x000000070e200000| Untracked 
|  33|0x000000070e400000, 0x000000070e400000, 0x000000070e600000|  0%| F|  |TAMS 0x000000070e400000, 0x000000070e400000| Untracked 
|  34|0x000000070e600000, 0x000000070e600000, 0x000000070e800000|  0%| F|  |TAMS 0x000000070e600000, 0x000000070e600000| Untracked 
|  35|0x000000070e800000, 0x000000070e800000, 0x000000070ea00000|  0%| F|  |TAMS 0x000000070e800000, 0x000000070e800000| Untracked 
|  36|0x000000070ea00000, 0x000000070ea00000, 0x000000070ec00000|  0%| F|  |TAMS 0x000000070ea00000, 0x000000070ea00000| Untracked 
|  37|0x000000070ec00000, 0x000000070ec00000, 0x000000070ee00000|  0%| F|  |TAMS 0x000000070ec00000, 0x000000070ec00000| Untracked 
|  38|0x000000070ee00000, 0x000000070ee00000, 0x000000070f000000|  0%| F|  |TAMS 0x000000070ee00000, 0x000000070ee00000| Untracked 
|  39|0x000000070f000000, 0x000000070f000000, 0x000000070f200000|  0%| F|  |TAMS 0x000000070f000000, 0x000000070f000000| Untracked 
|  40|0x000000070f200000, 0x000000070f200000, 0x000000070f400000|  0%| F|  |TAMS 0x000000070f200000, 0x000000070f200000| Untracked 
|  41|0x000000070f400000, 0x000000070f400000, 0x000000070f600000|  0%| F|  |TAMS 0x000000070f400000, 0x000000070f400000| Untracked 
|  42|0x000000070f600000, 0x000000070f600000, 0x000000070f800000|  0%| F|  |TAMS 0x000000070f600000, 0x000000070f600000| Untracked 
|  43|0x000000070f800000, 0x000000070f800000, 0x000000070fa00000|  0%| F|  |TAMS 0x000000070f800000, 0x000000070f800000| Untracked 
|  44|0x000000070fa00000, 0x000000070fa00000, 0x000000070fc00000|  0%| F|  |TAMS 0x000000070fa00000, 0x000000070fa00000| Untracked 
|  45|0x000000070fc00000, 0x000000070fc00000, 0x000000070fe00000|  0%| F|  |TAMS 0x000000070fc00000, 0x000000070fc00000| Untracked 
|  46|0x000000070fe00000, 0x000000070fe00000, 0x0000000710000000|  0%| F|  |TAMS 0x000000070fe00000, 0x000000070fe00000| Untracked 
|  47|0x0000000710000000, 0x0000000710000000, 0x0000000710200000|  0%| F|  |TAMS 0x0000000710000000, 0x0000000710000000| Untracked 
|  48|0x0000000710200000, 0x0000000710200000, 0x0000000710400000|  0%| F|  |TAMS 0x0000000710200000, 0x0000000710200000| Untracked 
|  49|0x0000000710400000, 0x0000000710400000, 0x0000000710600000|  0%| F|  |TAMS 0x0000000710400000, 0x0000000710400000| Untracked 
|  50|0x0000000710600000, 0x0000000710600000, 0x0000000710800000|  0%| F|  |TAMS 0x0000000710600000, 0x0000000710600000| Untracked 
|  51|0x0000000710800000, 0x0000000710800000, 0x0000000710a00000|  0%| F|  |TAMS 0x0000000710800000, 0x0000000710800000| Untracked 
|  52|0x0000000710a00000, 0x0000000710a00000, 0x0000000710c00000|  0%| F|  |TAMS 0x0000000710a00000, 0x0000000710a00000| Untracked 
|  53|0x0000000710c00000, 0x0000000710c00000, 0x0000000710e00000|  0%| F|  |TAMS 0x0000000710c00000, 0x0000000710c00000| Untracked 
|  54|0x0000000710e00000, 0x0000000710e00000, 0x0000000711000000|  0%| F|  |TAMS 0x0000000710e00000, 0x0000000710e00000| Untracked 
|  55|0x0000000711000000, 0x0000000711000000, 0x0000000711200000|  0%| F|  |TAMS 0x0000000711000000, 0x0000000711000000| Untracked 
|  56|0x0000000711200000, 0x0000000711200000, 0x0000000711400000|  0%| F|  |TAMS 0x0000000711200000, 0x0000000711200000| Untracked 
|  57|0x0000000711400000, 0x0000000711400000, 0x0000000711600000|  0%| F|  |TAMS 0x0000000711400000, 0x0000000711400000| Untracked 
|  58|0x0000000711600000, 0x0000000711600000, 0x0000000711800000|  0%| F|  |TAMS 0x0000000711600000, 0x0000000711600000| Untracked 
|  59|0x0000000711800000, 0x0000000711800000, 0x0000000711a00000|  0%| F|  |TAMS 0x0000000711800000, 0x0000000711800000| Untracked 
|  60|0x0000000711a00000, 0x0000000711a00000, 0x0000000711c00000|  0%| F|  |TAMS 0x0000000711a00000, 0x0000000711a00000| Untracked 
|  61|0x0000000711c00000, 0x0000000711c00000, 0x0000000711e00000|  0%| F|  |TAMS 0x0000000711c00000, 0x0000000711c00000| Untracked 
|  62|0x0000000711e00000, 0x0000000711e00000, 0x0000000712000000|  0%| F|  |TAMS 0x0000000711e00000, 0x0000000711e00000| Untracked 
|  63|0x0000000712000000, 0x0000000712000000, 0x0000000712200000|  0%| F|  |TAMS 0x0000000712000000, 0x0000000712000000| Untracked 
|  64|0x0000000712200000, 0x0000000712200000, 0x0000000712400000|  0%| F|  |TAMS 0x0000000712200000, 0x0000000712200000| Untracked 
|  65|0x0000000712400000, 0x0000000712400000, 0x0000000712600000|  0%| F|  |TAMS 0x0000000712400000, 0x0000000712400000| Untracked 
|  66|0x0000000712600000, 0x0000000712600000, 0x0000000712800000|  0%| F|  |TAMS 0x0000000712600000, 0x0000000712600000| Untracked 
|  67|0x0000000712800000, 0x0000000712800000, 0x0000000712a00000|  0%| F|  |TAMS 0x0000000712800000, 0x0000000712800000| Untracked 
|  68|0x0000000712a00000, 0x0000000712a00000, 0x0000000712c00000|  0%| F|  |TAMS 0x0000000712a00000, 0x0000000712a00000| Untracked 
|  69|0x0000000712c00000, 0x0000000712c00000, 0x0000000712e00000|  0%| F|  |TAMS 0x0000000712c00000, 0x0000000712c00000| Untracked 
|  70|0x0000000712e00000, 0x0000000712e00000, 0x0000000713000000|  0%| F|  |TAMS 0x0000000712e00000, 0x0000000712e00000| Untracked 
|  71|0x0000000713000000, 0x0000000713000000, 0x0000000713200000|  0%| F|  |TAMS 0x0000000713000000, 0x0000000713000000| Untracked 
|  72|0x0000000713200000, 0x0000000713200000, 0x0000000713400000|  0%| F|  |TAMS 0x0000000713200000, 0x0000000713200000| Untracked 
|  73|0x0000000713400000, 0x0000000713400000, 0x0000000713600000|  0%| F|  |TAMS 0x0000000713400000, 0x0000000713400000| Untracked 
|  74|0x0000000713600000, 0x0000000713600000, 0x0000000713800000|  0%| F|  |TAMS 0x0000000713600000, 0x0000000713600000| Untracked 
|  75|0x0000000713800000, 0x0000000713800000, 0x0000000713a00000|  0%| F|  |TAMS 0x0000000713800000, 0x0000000713800000| Untracked 
|  76|0x0000000713a00000, 0x0000000713a00000, 0x0000000713c00000|  0%| F|  |TAMS 0x0000000713a00000, 0x0000000713a00000| Untracked 
|  77|0x0000000713c00000, 0x0000000713c00000, 0x0000000713e00000|  0%| F|  |TAMS 0x0000000713c00000, 0x0000000713c00000| Untracked 
|  78|0x0000000713e00000, 0x0000000713e00000, 0x0000000714000000|  0%| F|  |TAMS 0x0000000713e00000, 0x0000000713e00000| Untracked 
|  79|0x0000000714000000, 0x0000000714000000, 0x0000000714200000|  0%| F|  |TAMS 0x0000000714000000, 0x0000000714000000| Untracked 
|  80|0x0000000714200000, 0x0000000714200000, 0x0000000714400000|  0%| F|  |TAMS 0x0000000714200000, 0x0000000714200000| Untracked 
|  81|0x0000000714400000, 0x0000000714400000, 0x0000000714600000|  0%| F|  |TAMS 0x0000000714400000, 0x0000000714400000| Untracked 
|  82|0x0000000714600000, 0x0000000714600000, 0x0000000714800000|  0%| F|  |TAMS 0x0000000714600000, 0x0000000714600000| Untracked 
|  83|0x0000000714800000, 0x0000000714800000, 0x0000000714a00000|  0%| F|  |TAMS 0x0000000714800000, 0x0000000714800000| Untracked 
|  84|0x0000000714a00000, 0x0000000714a00000, 0x0000000714c00000|  0%| F|  |TAMS 0x0000000714a00000, 0x0000000714a00000| Untracked 
|  85|0x0000000714c00000, 0x0000000714c00000, 0x0000000714e00000|  0%| F|  |TAMS 0x0000000714c00000, 0x0000000714c00000| Untracked 
|  86|0x0000000714e00000, 0x0000000714e00000, 0x0000000715000000|  0%| F|  |TAMS 0x0000000714e00000, 0x0000000714e00000| Untracked 
|  87|0x0000000715000000, 0x0000000715000000, 0x0000000715200000|  0%| F|  |TAMS 0x0000000715000000, 0x0000000715000000| Untracked 
|  88|0x0000000715200000, 0x0000000715200000, 0x0000000715400000|  0%| F|  |TAMS 0x0000000715200000, 0x0000000715200000| Untracked 
|  89|0x0000000715400000, 0x0000000715400000, 0x0000000715600000|  0%| F|  |TAMS 0x0000000715400000, 0x0000000715400000| Untracked 
|  90|0x0000000715600000, 0x0000000715800000, 0x0000000715800000|100%| E|  |TAMS 0x0000000715600000, 0x0000000715600000| Complete 
|  91|0x0000000715800000, 0x0000000715a00000, 0x0000000715a00000|100%| E|CS|TAMS 0x0000000715800000, 0x0000000715800000| Complete 
|  92|0x0000000715a00000, 0x0000000715c00000, 0x0000000715c00000|100%| E|CS|TAMS 0x0000000715a00000, 0x0000000715a00000| Complete 
|  93|0x0000000715c00000, 0x0000000715e00000, 0x0000000715e00000|100%| E|CS|TAMS 0x0000000715c00000, 0x0000000715c00000| Complete 
|  94|0x0000000715e00000, 0x0000000716000000, 0x0000000716000000|100%| E|CS|TAMS 0x0000000715e00000, 0x0000000715e00000| Complete 
|  95|0x0000000716000000, 0x0000000716200000, 0x0000000716200000|100%| E|CS|TAMS 0x0000000716000000, 0x0000000716000000| Complete 
|  96|0x0000000716200000, 0x0000000716400000, 0x0000000716400000|100%| E|CS|TAMS 0x0000000716200000, 0x0000000716200000| Complete 
|  97|0x0000000716400000, 0x0000000716600000, 0x0000000716600000|100%| E|CS|TAMS 0x0000000716400000, 0x0000000716400000| Complete 
|  98|0x0000000716600000, 0x0000000716800000, 0x0000000716800000|100%| E|CS|TAMS 0x0000000716600000, 0x0000000716600000| Complete 
|  99|0x0000000716800000, 0x0000000716a00000, 0x0000000716a00000|100%| E|CS|TAMS 0x0000000716800000, 0x0000000716800000| Complete 
| 100|0x0000000716a00000, 0x0000000716c00000, 0x0000000716c00000|100%| E|CS|TAMS 0x0000000716a00000, 0x0000000716a00000| Complete 
| 101|0x0000000716c00000, 0x0000000716e00000, 0x0000000716e00000|100%| E|CS|TAMS 0x0000000716c00000, 0x0000000716c00000| Complete 
| 102|0x0000000716e00000, 0x0000000717000000, 0x0000000717000000|100%| E|CS|TAMS 0x0000000716e00000, 0x0000000716e00000| Complete 
| 103|0x0000000717000000, 0x0000000717200000, 0x0000000717200000|100%| E|CS|TAMS 0x0000000717000000, 0x0000000717000000| Complete 
| 104|0x0000000717200000, 0x0000000717267b10, 0x0000000717400000| 20%| S|CS|TAMS 0x0000000717200000, 0x0000000717200000| Complete 
| 105|0x0000000717400000, 0x0000000717600000, 0x0000000717600000|100%| E|CS|TAMS 0x0000000717400000, 0x0000000717400000| Complete 
| 106|0x0000000717600000, 0x0000000717800000, 0x0000000717800000|100%| E|CS|TAMS 0x0000000717600000, 0x0000000717600000| Complete 
| 107|0x0000000717800000, 0x0000000717a00000, 0x0000000717a00000|100%| E|CS|TAMS 0x0000000717800000, 0x0000000717800000| Complete 
| 108|0x0000000717a00000, 0x0000000717c00000, 0x0000000717c00000|100%| E|CS|TAMS 0x0000000717a00000, 0x0000000717a00000| Complete 
| 109|0x0000000717c00000, 0x0000000717e00000, 0x0000000717e00000|100%| E|CS|TAMS 0x0000000717c00000, 0x0000000717c00000| Complete 
| 110|0x0000000717e00000, 0x0000000718000000, 0x0000000718000000|100%| E|CS|TAMS 0x0000000717e00000, 0x0000000717e00000| Complete 
| 111|0x0000000718000000, 0x0000000718200000, 0x0000000718200000|100%| E|CS|TAMS 0x0000000718000000, 0x0000000718000000| Complete 
| 112|0x0000000718200000, 0x0000000718400000, 0x0000000718400000|100%| E|CS|TAMS 0x0000000718200000, 0x0000000718200000| Complete 
| 113|0x0000000718400000, 0x0000000718600000, 0x0000000718600000|100%| E|CS|TAMS 0x0000000718400000, 0x0000000718400000| Complete 
| 114|0x0000000718600000, 0x0000000718800000, 0x0000000718800000|100%| E|CS|TAMS 0x0000000718600000, 0x0000000718600000| Complete 
| 115|0x0000000718800000, 0x0000000718a00000, 0x0000000718a00000|100%| E|CS|TAMS 0x0000000718800000, 0x0000000718800000| Complete 
| 116|0x0000000718a00000, 0x0000000718c00000, 0x0000000718c00000|100%| E|CS|TAMS 0x0000000718a00000, 0x0000000718a00000| Complete 
| 117|0x0000000718c00000, 0x0000000718e00000, 0x0000000718e00000|100%| E|CS|TAMS 0x0000000718c00000, 0x0000000718c00000| Complete 
| 118|0x0000000718e00000, 0x0000000719000000, 0x0000000719000000|100%| E|CS|TAMS 0x0000000718e00000, 0x0000000718e00000| Complete 
| 119|0x0000000719000000, 0x0000000719200000, 0x0000000719200000|100%| E|CS|TAMS 0x0000000719000000, 0x0000000719000000| Complete 
| 120|0x0000000719200000, 0x0000000719400000, 0x0000000719400000|100%| E|CS|TAMS 0x0000000719200000, 0x0000000719200000| Complete 
| 121|0x0000000719400000, 0x0000000719600000, 0x0000000719600000|100%| E|CS|TAMS 0x0000000719400000, 0x0000000719400000| Complete 
| 122|0x0000000719600000, 0x0000000719800000, 0x0000000719800000|100%| E|CS|TAMS 0x0000000719600000, 0x0000000719600000| Complete 

Card table byte_map: [0x0000022b1a8b0000,0x0000022b1b060000] _byte_map_base: 0x0000022b1705f000

Marking Bits (Prev, Next): (CMBitMap*) 0x0000022b0305ab40, (CMBitMap*) 0x0000022b0305ab80
 Prev Bits: [0x0000022b1b810000, 0x0000022b1f588000)
 Next Bits: [0x0000022b1f590000, 0x0000022b23308000)

Polling page: 0x0000022b00f30000

Metaspace:

Usage:
  Non-class:      4.76 MB used.
      Class:    705.50 KB used.
       Both:      5.45 MB used.

Virtual space:
  Non-class space:        8.00 MB reserved,       4.88 MB ( 61%) committed,  1 nodes.
      Class space:        1.00 GB reserved,     768.00 KB ( <1%) committed,  1 nodes.
             Both:        1.01 GB reserved,       5.62 MB ( <1%) committed. 

Chunk freelists:
   Non-Class:  1.97 MB
       Class:  3.26 MB
        Both:  5.24 MB

MaxMetaspaceSize: unlimited
CompressedClassSpaceSize: 1.00 GB
Initial GC threshold: 21.00 MB
Current GC threshold: 21.00 MB
CDS: on
MetaspaceReclaimPolicy: balanced
 - commit_granule_bytes: 65536.
 - commit_granule_words: 8192.
 - virtual_space_node_default_size: 1048576.
 - enlarge_chunks_in_place: 1.
 - new_chunks_are_fully_committed: 0.
 - uncommit_free_chunks: 1.
 - use_allocation_guard: 0.
 - handle_deallocations: 1.


Internal statistics:

num_allocs_failed_limit: 0.
num_arena_births: 130.
num_arena_deaths: 0.
num_vsnodes_births: 2.
num_vsnodes_deaths: 0.
num_space_committed: 90.
num_space_uncommitted: 0.
num_chunks_returned_to_freelist: 0.
num_chunks_taken_from_freelist: 327.
num_chunk_merges: 0.
num_chunk_splits: 164.
num_chunks_enlarged: 97.
num_purges: 0.
num_inconsistent_stats: 0.

CodeHeap 'non-profiled nmethods': size=119168Kb used=449Kb max_used=449Kb free=118718Kb
 bounds [0x0000022b12410000, 0x0000022b12680000, 0x0000022b19870000]
CodeHeap 'profiled nmethods': size=119104Kb used=2785Kb max_used=2785Kb free=116319Kb
 bounds [0x0000022b0a870000, 0x0000022b0ab30000, 0x0000022b11cc0000]
CodeHeap 'non-nmethods': size=7488Kb used=2866Kb max_used=2887Kb free=4621Kb
 bounds [0x0000022b11cc0000, 0x0000022b11fa0000, 0x0000022b12410000]
 total_blobs=1932 nmethods=1461 adapters=380
 compilation: enabled
              stopped_count=0, restarted_count=0
 full_count=0

Compilation events (20 events):
Event: 0.637 Thread 0x0000022b26436300 1413       3       java.util.stream.ReferencePipeline::filter (22 bytes)
Event: 0.637 Thread 0x0000022b264212e0 1414       3       java.util.stream.ReferencePipeline$2::<init> (20 bytes)
Event: 0.637 Thread 0x0000022b274c9cd0 1415       3       java.util.stream.ReferencePipeline$2::opWrapSink (10 bytes)
Event: 0.637 Thread 0x0000022b2630a7c0 1416       3       java.util.stream.ReferencePipeline$2$1::<init> (11 bytes)
Event: 0.637 Thread 0x0000022b264212e0 nmethod 1414 0x0000022b0ab0ef90 code [0x0000022b0ab0f140, 0x0000022b0ab0f428]
Event: 0.637 Thread 0x0000022b264212e0 1417       3       java.util.stream.ReferencePipeline$2$1::begin (13 bytes)
Event: 0.637 Thread 0x0000022b26436300 nmethod 1413 0x0000022b0ab0f590 code [0x0000022b0ab0f780, 0x0000022b0ab0fcb8]
Event: 0.637 Thread 0x0000022b26436300 1418   !   3       java.net.URLDecoder::decode (306 bytes)
Event: 0.637 Thread 0x0000022b274c9cd0 nmethod 1415 0x0000022b0ab0ff10 code [0x0000022b0ab10100, 0x0000022b0ab106c8]
Event: 0.637 Thread 0x0000022b264212e0 nmethod 1417 0x0000022b0ab11110 code [0x0000022b0ab112c0, 0x0000022b0ab114a8]
Event: 0.637 Thread 0x0000022b26467820 1420       4       java.util.Objects::equals (23 bytes)
Event: 0.637 Thread 0x0000022b2630a7c0 nmethod 1416 0x0000022b0ab10890 code [0x0000022b0ab10a60, 0x0000022b0ab10f68]
Event: 0.637 Thread 0x0000022b274c9cd0 1419       3       java.util.regex.Pattern$GroupHead::match (47 bytes)
Event: 0.638 Thread 0x0000022b274c9cd0 nmethod 1419 0x0000022b0ab11590 code [0x0000022b0ab11740, 0x0000022b0ab119a8]
Event: 0.638 Thread 0x0000022b274c9cd0 1421       3       java.lang.AbstractStringBuilder::append (63 bytes)
Event: 0.638 Thread 0x0000022b264212e0 1422       3       java.io.PrintWriter::ensureOpen (18 bytes)
Event: 0.638 Thread 0x0000022b263091f0 1423       4       java.lang.StringBuilder::<init> (7 bytes)
Event: 0.638 Thread 0x0000022b264212e0 nmethod 1422 0x0000022b0ab11b90 code [0x0000022b0ab11d40, 0x0000022b0ab11f48]
Event: 0.638 Thread 0x0000022b274c9cd0 nmethod 1421 0x0000022b0ab12010 code [0x0000022b0ab12200, 0x0000022b0ab12768]
Event: 0.638 Thread 0x0000022b26467820 nmethod 1420 0x0000022b1247e210 code [0x0000022b1247e380, 0x0000022b1247e418]

GC Heap History (4 events):
Event: 0.519 GC heap before
{Heap before GC invocations=0 (full 0):
 garbage-first heap   total 251904K, used 20480K [0x000000070a200000, 0x0000000800000000)
  region size 2048K, 11 young (22528K), 0 survivors (0K)
 Metaspace       used 5306K, committed 5440K, reserved 1056768K
  class space    used 671K, committed 768K, reserved 1048576K
}
Event: 0.522 GC heap after
{Heap after GC invocations=1 (full 0):
 garbage-first heap   total 251904K, used 3657K [0x000000070a200000, 0x0000000800000000)
  region size 2048K, 2 young (4096K), 2 survivors (4096K)
 Metaspace       used 5306K, committed 5440K, reserved 1056768K
  class space    used 671K, committed 768K, reserved 1048576K
}
Event: 0.578 GC heap before
{Heap before GC invocations=1 (full 0):
 garbage-first heap   total 251904K, used 38473K [0x000000070a200000, 0x0000000800000000)
  region size 2048K, 18 young (36864K), 2 survivors (4096K)
 Metaspace       used 5457K, committed 5632K, reserved 1056768K
  class space    used 696K, committed 768K, reserved 1048576K
}
Event: 0.581 GC heap after
{Heap after GC invocations=2 (full 0):
 garbage-first heap   total 251904K, used 4888K [0x000000070a200000, 0x0000000800000000)
  region size 2048K, 1 young (2048K), 1 survivors (2048K)
 Metaspace       used 5457K, committed 5632K, reserved 1056768K
  class space    used 696K, committed 768K, reserved 1048576K
}

Deoptimization events (20 events):
Event: 0.568 Thread 0x0000022b02fef710 Uncommon trap: trap_request=0xffffffde fr.pc=0x0000022b1246e074 relative=0x0000000000000a94
Event: 0.568 Thread 0x0000022b02fef710 Uncommon trap: reason=class_check action=maybe_recompile pc=0x0000022b1246e074 method=geometries.Geometries.findGeoIntersectionsHelper(Lprimitives/Ray;)Ljava/util/List; @ 30 c2
Event: 0.568 Thread 0x0000022b02fef710 DEOPT PACKING pc=0x0000022b1246e074 sp=0x0000007b708fc660
Event: 0.568 Thread 0x0000022b02fef710 DEOPT UNPACKING pc=0x0000022b11d123a3 sp=0x0000007b708fc610 mode 2
Event: 0.600 Thread 0x0000022b02fef710 Uncommon trap: trap_request=0xffffffde fr.pc=0x0000022b1247a884 relative=0x0000000000001484
Event: 0.600 Thread 0x0000022b02fef710 Uncommon trap: reason=class_check action=maybe_recompile pc=0x0000022b1247a884 method=geometries.Geometries.findGeoIntersectionsHelper(Lprimitives/Ray;)Ljava/util/List; @ 30 c2
Event: 0.600 Thread 0x0000022b02fef710 DEOPT PACKING pc=0x0000022b1247a884 sp=0x0000007b708fc700
Event: 0.600 Thread 0x0000022b02fef710 DEOPT UNPACKING pc=0x0000022b11d123a3 sp=0x0000007b708fc5d8 mode 2
Event: 0.633 Thread 0x0000022b02fef710 Uncommon trap: trap_request=0xffffff45 fr.pc=0x0000022b124751f8 relative=0x00000000000002d8
Event: 0.633 Thread 0x0000022b02fef710 Uncommon trap: reason=unstable_if action=reinterpret pc=0x0000022b124751f8 method=primitives.Vector.<init>(DDD)V @ 18 c2
Event: 0.633 Thread 0x0000022b02fef710 DEOPT PACKING pc=0x0000022b124751f8 sp=0x0000007b708fc450
Event: 0.633 Thread 0x0000022b02fef710 DEOPT UNPACKING pc=0x0000022b11d123a3 sp=0x0000007b708fc358 mode 2
Event: 0.636 Thread 0x0000022b02fef710 Uncommon trap: trap_request=0xffffff45 fr.pc=0x0000022b12477c38 relative=0x00000000000006f8
Event: 0.636 Thread 0x0000022b02fef710 Uncommon trap: reason=unstable_if action=reinterpret pc=0x0000022b12477c38 method=geometries.Plane.findGeoIntersectionsHelper(Lprimitives/Ray;)Ljava/util/List; @ 57 c2
Event: 0.636 Thread 0x0000022b02fef710 DEOPT PACKING pc=0x0000022b12477c38 sp=0x0000007b708fbde0
Event: 0.636 Thread 0x0000022b02fef710 DEOPT UNPACKING pc=0x0000022b11d123a3 sp=0x0000007b708fbd78 mode 2
Event: 0.636 Thread 0x0000022b02fef710 Uncommon trap: trap_request=0xffffff45 fr.pc=0x0000022b1246a074 relative=0x00000000000001d4
Event: 0.636 Thread 0x0000022b02fef710 Uncommon trap: reason=unstable_if action=reinterpret pc=0x0000022b1246a074 method=primitives.Color.getColor()Ljava/awt/Color; @ 63 c2
Event: 0.636 Thread 0x0000022b02fef710 DEOPT PACKING pc=0x0000022b1246a074 sp=0x0000007b708fc760
Event: 0.636 Thread 0x0000022b02fef710 DEOPT UNPACKING pc=0x0000022b11d123a3 sp=0x0000007b708fc6c8 mode 2

Classes unloaded (0 events):
No events

Classes redefined (0 events):
No events

Internal exceptions (20 events):
Event: 0.342 Thread 0x0000022b02fef710 Exception <a 'java/lang/NoSuchMethodError'{0x0000000718a159f0}: 'java.lang.Object java.lang.invoke.DirectMethodHandle$Holder.invokeStatic(java.lang.Object, java.lang.Object, int)'> (0x0000000718a159f0) 
thrown [s\open\src\hotspot\share\interpreter\linkResolver.cpp, line 759]
Event: 0.350 Thread 0x0000022b02fef710 Exception <a 'java/lang/NoSuchMethodError'{0x0000000718a68d70}: 'void java.lang.invoke.DirectMethodHandle$Holder.invokeSpecial(java.lang.Object, java.lang.Object, java.lang.Object, java.lang.Object, java.lang.Object)'> (0x0000000718a68d70) 
thrown [s\open\src\hotspot\share\interpreter\linkResolver.cpp, line 759]
Event: 0.357 Thread 0x0000022b02fef710 Exception <a 'java/lang/NoSuchMethodError'{0x0000000718aa7150}: 'void java.lang.invoke.DirectMethodHandle$Holder.invokeInterface(java.lang.Object, java.lang.Object, java.lang.Object, java.lang.Object)'> (0x0000000718aa7150) 
thrown [s\open\src\hotspot\share\interpreter\linkResolver.cpp, line 759]
Event: 0.358 Thread 0x0000022b02fef710 Exception <a 'java/lang/IncompatibleClassChangeError'{0x0000000718aaaa78}: Found class java.lang.Object, but interface was expected> (0x0000000718aaaa78) 
thrown [s\open\src\hotspot\share\interpreter\linkResolver.cpp, line 826]
Event: 0.360 Thread 0x0000022b02fef710 Exception <a 'java/lang/NoSuchMethodError'{0x0000000718ac00e8}: 'void java.lang.invoke.DirectMethodHandle$Holder.invokeStatic(java.lang.Object, java.lang.Object, java.lang.Object, java.lang.Object)'> (0x0000000718ac00e8) 
thrown [s\open\src\hotspot\share\interpreter\linkResolver.cpp, line 759]
Event: 0.361 Thread 0x0000022b02fef710 Exception <a 'java/lang/NoSuchMethodError'{0x0000000718ad1008}: 'java.lang.Object java.lang.invoke.DirectMethodHandle$Holder.newInvokeSpecial(java.lang.Object, java.lang.Object, int)'> (0x0000000718ad1008) 
thrown [s\open\src\hotspot\share\interpreter\linkResolver.cpp, line 759]
Event: 0.384 Thread 0x0000022b02fef710 Exception <a 'java/lang/NoSuchMethodError'{0x0000000718b88e28}: 'int java.lang.invoke.DirectMethodHandle$Holder.invokeStatic(java.lang.Object, java.lang.Object, java.lang.Object, java.lang.Object)'> (0x0000000718b88e28) 
thrown [s\open\src\hotspot\share\interpreter\linkResolver.cpp, line 759]
Event: 0.384 Thread 0x0000022b02fef710 Exception <a 'java/lang/NoSuchMethodError'{0x0000000718b8c7a8}: 'java.lang.Object java.lang.invoke.Invokers$Holder.invokeExact_MT(java.lang.Object, java.lang.Object, java.lang.Object, java.lang.Object, java.lang.Object, java.lang.Object)'> (0x0000000718b8c7a8) 
thrown [s\open\src\hotspot\share\interpreter\linkResolver.cpp, line 759]
Event: 0.385 Thread 0x0000022b02fef710 Exception <a 'java/lang/NoSuchMethodError'{0x0000000718b9c518}: 'int java.lang.invoke.DirectMethodHandle$Holder.invokeStatic(java.lang.Object, java.lang.Object, java.lang.Object, java.lang.Object, java.lang.Object)'> (0x0000000718b9c518) 
thrown [s\open\src\hotspot\share\interpreter\linkResolver.cpp, line 759]
Event: 0.392 Thread 0x0000022b02fef710 Exception <a 'java/lang/NoSuchMethodError'{0x0000000718bdb1f8}: 'void java.lang.invoke.DirectMethodHandle$Holder.invokeStaticInit(java.lang.Object)'> (0x0000000718bdb1f8) 
thrown [s\open\src\hotspot\share\interpreter\linkResolver.cpp, line 759]
Event: 0.416 Thread 0x0000022b02fef710 Exception <a 'java/lang/NoSuchMethodError'{0x00000007188b1d20}: 'int java.lang.invoke.DirectMethodHandle$Holder.invokeStaticInit(java.lang.Object, java.lang.Object)'> (0x00000007188b1d20) 
thrown [s\open\src\hotspot\share\interpreter\linkResolver.cpp, line 759]
Event: 0.445 Thread 0x0000022b02fef710 Exception <a 'java/lang/NoSuchMethodError'{0x00000007189a1b60}: 'java.lang.Object java.lang.invoke.DirectMethodHandle$Holder.newInvokeSpecial(java.lang.Object, java.lang.Object, java.lang.Object, java.lang.Object, java.lang.Object, java.lang.Object, java.lang.Object)'> (0x00000007189a1b60) 
thrown [s\open\src\hotspot\share\interpreter\linkResolver.cpp, line 759]
Event: 0.445 Thread 0x0000022b02fef710 Exception <a 'java/lang/NoSuchMethodError'{0x00000007189a6718}: 'java.lang.Object java.lang.invoke.Invokers$Holder.linkToTargetMethod(java.lang.Object, java.lang.Object, java.lang.Object, java.lang.Object, java.lang.Object, java.lang.Object, java.lang.Object)'> (0x00000007189a6718) 
thrown [s\open\src\hotspot\share\interpreter\linkResolver.cpp, line 759]
Event: 0.446 Thread 0x0000022b02fef710 Exception <a 'java/lang/NoSuchMethodError'{0x00000007189acbe0}: 'java.lang.Object java.lang.invoke.DirectMethodHandle$Holder.invokeInterface(java.lang.Object, java.lang.Object, java.lang.Object, java.lang.Object, java.lang.Object)'> (0x00000007189acbe0) 
thrown [s\open\src\hotspot\share\interpreter\linkResolver.cpp, line 759]
Event: 0.446 Thread 0x0000022b02fef710 Exception <a 'java/lang/IncompatibleClassChangeError'{0x00000007189b09d8}: Found class java.lang.Object, but interface was expected> (0x00000007189b09d8) 
thrown [s\open\src\hotspot\share\interpreter\linkResolver.cpp, line 826]
Event: 0.484 Thread 0x0000022b02fef710 Exception <a 'java/lang/ClassNotFoundException'{0x0000000718681b38}: sun/awt/resources/spi/awtProvider> (0x0000000718681b38) 
thrown [s\open\src\hotspot\share\classfile\systemDictionary.cpp, line 256]
Event: 0.496 Thread 0x0000022b02fef710 Exception <a 'java/io/FileNotFoundException'{0x00000007186c7500}> (0x00000007186c7500) 
thrown [s\open\src\hotspot\share\prims\jni.cpp, line 516]
Event: 0.500 Thread 0x0000022b02fef710 Exception <a 'java/io/FileNotFoundException'{0x00000007186f4978}> (0x00000007186f4978) 
thrown [s\open\src\hotspot\share\prims\jni.cpp, line 516]
Event: 0.542 Thread 0x0000022b02fef710 Exception <a 'java/lang/reflect/InvocationTargetException'{0x0000000717a960b8}> (0x0000000717a960b8) 
thrown [s\open\src\hotspot\share\runtime\reflection.cpp, line 1121]
Event: 0.636 Thread 0x0000022b02fef710 Exception <a 'java/lang/reflect/InvocationTargetException'{0x00000007159a2a10}> (0x00000007159a2a10) 
thrown [s\open\src\hotspot\share\runtime\reflection.cpp, line 1121]

VM Operations (20 events):
Event: 0.090 Executing VM operation: HandshakeAllThreads
Event: 0.090 Executing VM operation: HandshakeAllThreads done
Event: 0.162 Executing VM operation: HandshakeAllThreads
Event: 0.162 Executing VM operation: HandshakeAllThreads done
Event: 0.233 Executing VM operation: HandshakeAllThreads
Event: 0.233 Executing VM operation: HandshakeAllThreads done
Event: 0.259 Executing VM operation: HandshakeAllThreads
Event: 0.259 Executing VM operation: HandshakeAllThreads done
Event: 0.351 Executing VM operation: HandshakeAllThreads
Event: 0.351 Executing VM operation: HandshakeAllThreads done
Event: 0.450 Executing VM operation: HandshakeAllThreads
Event: 0.450 Executing VM operation: HandshakeAllThreads done
Event: 0.461 Executing VM operation: ICBufferFull
Event: 0.461 Executing VM operation: ICBufferFull done
Event: 0.472 Executing VM operation: HandshakeAllThreads
Event: 0.472 Executing VM operation: HandshakeAllThreads done
Event: 0.518 Executing VM operation: G1CollectForAllocation
Event: 0.522 Executing VM operation: G1CollectForAllocation done
Event: 0.578 Executing VM operation: G1CollectForAllocation
Event: 0.581 Executing VM operation: G1CollectForAllocation done

Events (20 events):
Event: 0.513 Thread 0x0000022b274c9cd0 Thread added: 0x0000022b274c9cd0
Event: 0.524 Thread 0x0000022b2750ff60 Thread added: 0x0000022b2750ff60
Event: 0.525 Thread 0x0000022b27531bb0 Thread added: 0x0000022b27531bb0
Event: 0.525 Thread 0x0000022b275320c0 Thread added: 0x0000022b275320c0
Event: 0.527 Thread 0x0000022b27529350 Thread added: 0x0000022b27529350
Event: 0.527 Thread 0x0000022b27530d30 Thread added: 0x0000022b27530d30
Event: 0.551 loading class java/util/concurrent/ConcurrentHashMap$ValueSpliterator
Event: 0.551 loading class java/util/concurrent/ConcurrentHashMap$ValueSpliterator done
Event: 0.553 loading class java/util/stream/SortedOps$RefSortingSink
Event: 0.553 loading class java/util/stream/SortedOps$RefSortingSink done
Event: 0.556 loading class java/util/regex/Pattern$SliceI
Event: 0.556 loading class java/util/regex/Pattern$SliceI done
Event: 0.557 loading class java/io/PrintWriter
Event: 0.557 loading class java/io/PrintWriter done
Event: 0.557 loading class java/lang/Throwable$WrappedPrintWriter
Event: 0.557 loading class java/lang/Throwable$PrintStreamOrWriter
Event: 0.557 loading class java/lang/Throwable$PrintStreamOrWriter done
Event: 0.557 loading class java/lang/Throwable$WrappedPrintWriter done
Event: 0.557 loading class java/lang/StackTraceElement$HashedModules
Event: 0.557 loading class java/lang/StackTraceElement$HashedModules done


Dynamic libraries:
0x00007ff7c8730000 - 0x00007ff7c8740000 	C:\Program Files\Java\jdk-17\bin\java.exe
0x00007ffb9a890000 - 0x00007ffb9aaa4000 	C:\WINDOWS\SYSTEM32\ntdll.dll
0x00007ffb9a2c0000 - 0x00007ffb9a382000 	C:\WINDOWS\System32\KERNEL32.DLL
0x00007ffb97f90000 - 0x00007ffb98333000 	C:\WINDOWS\System32\KERNELBASE.dll
0x00007ffb97cb0000 - 0x00007ffb97dc1000 	C:\WINDOWS\System32\ucrtbase.dll
0x00007ffb7dd90000 - 0x00007ffb7dda8000 	C:\Program Files\Java\jdk-17\bin\jli.dll
0x00007ffb988c0000 - 0x00007ffb9896e000 	C:\WINDOWS\System32\ADVAPI32.dll
0x00007ffb98e20000 - 0x00007ffb98ec7000 	C:\WINDOWS\System32\msvcrt.dll
0x00007ffb82200000 - 0x00007ffb8221b000 	C:\Program Files\Java\jdk-17\bin\VCRUNTIME140.dll
0x00007ffb9a490000 - 0x00007ffb9a534000 	C:\WINDOWS\System32\sechost.dll
0x00007ffb98970000 - 0x00007ffb98a87000 	C:\WINDOWS\System32\RPCRT4.dll
0x00007ffb991a0000 - 0x00007ffb9934b000 	C:\WINDOWS\System32\USER32.dll
0x00007ffb97dd0000 - 0x00007ffb97df6000 	C:\WINDOWS\System32\win32u.dll
0x00007ffb99170000 - 0x00007ffb99199000 	C:\WINDOWS\System32\GDI32.dll
0x00007ffb97e00000 - 0x00007ffb97f18000 	C:\WINDOWS\System32\gdi32full.dll
0x00007ffb88da0000 - 0x00007ffb8902e000 	C:\WINDOWS\WinSxS\amd64_microsoft.windows.common-controls_6595b64144ccf1df_6.0.22621.1635_none_270f70857386168e\COMCTL32.dll
0x00007ffb985f0000 - 0x00007ffb9868a000 	C:\WINDOWS\System32\msvcp_win.dll
0x00007ffb8e940000 - 0x00007ffb8e94a000 	C:\WINDOWS\SYSTEM32\VERSION.dll
0x00007ffb99050000 - 0x00007ffb99081000 	C:\WINDOWS\System32\IMM32.DLL
0x00007ffb87250000 - 0x00007ffb8725c000 	C:\Program Files\Java\jdk-17\bin\vcruntime140_1.dll
0x00007ffb76180000 - 0x00007ffb7620e000 	C:\Program Files\Java\jdk-17\bin\msvcp140.dll
0x00007ffb35000000 - 0x00007ffb35bd7000 	C:\Program Files\Java\jdk-17\bin\server\jvm.dll
0x00007ffb9a840000 - 0x00007ffb9a848000 	C:\WINDOWS\System32\PSAPI.DLL
0x00007ffb949f0000 - 0x00007ffb94a24000 	C:\WINDOWS\SYSTEM32\WINMM.dll
0x00007ffb947e0000 - 0x00007ffb947e9000 	C:\WINDOWS\SYSTEM32\WSOCK32.dll
0x00007ffb99fe0000 - 0x00007ffb9a051000 	C:\WINDOWS\System32\WS2_32.dll
0x00007ffb96cb0000 - 0x00007ffb96cc8000 	C:\WINDOWS\SYSTEM32\kernel.appcore.dll
0x00007ffb83850000 - 0x00007ffb8385a000 	C:\Program Files\Java\jdk-17\bin\jimage.dll
0x00007ffb95640000 - 0x00007ffb9586e000 	C:\WINDOWS\SYSTEM32\DBGHELP.DLL
0x00007ffb98a90000 - 0x00007ffb98e19000 	C:\WINDOWS\System32\combase.dll
0x00007ffb99090000 - 0x00007ffb99167000 	C:\WINDOWS\System32\OLEAUT32.dll
0x00007ffb94a30000 - 0x00007ffb94a62000 	C:\WINDOWS\SYSTEM32\dbgcore.DLL
0x00007ffb98400000 - 0x00007ffb9847b000 	C:\WINDOWS\System32\bcryptPrimitives.dll
0x00007ffb7e2e0000 - 0x00007ffb7e2ee000 	C:\Program Files\Java\jdk-17\bin\instrument.dll
0x00007ffb765a0000 - 0x00007ffb765c5000 	C:\Program Files\Java\jdk-17\bin\java.dll
0x00007ffb6e660000 - 0x00007ffb6e737000 	C:\Program Files\Java\jdk-17\bin\jsvml.dll
0x00007ffb997d0000 - 0x00007ffb99fca000 	C:\WINDOWS\System32\SHELL32.dll
0x00007ffb95cb0000 - 0x00007ffb9657e000 	C:\WINDOWS\SYSTEM32\windows.storage.dll
0x00007ffb95b70000 - 0x00007ffb95cae000 	C:\WINDOWS\SYSTEM32\wintypes.dll
0x00007ffb987c0000 - 0x00007ffb988b1000 	C:\WINDOWS\System32\SHCORE.dll
0x00007ffb9a7d0000 - 0x00007ffb9a82e000 	C:\WINDOWS\System32\shlwapi.dll
0x00007ffb97be0000 - 0x00007ffb97c01000 	C:\WINDOWS\SYSTEM32\profapi.dll
0x00007ffb79310000 - 0x00007ffb79328000 	C:\Program Files\Java\jdk-17\bin\zip.dll
0x00007ffb7d540000 - 0x00007ffb7d559000 	C:\Program Files\java\jdk-17\bin\net.dll
0x00007ffb8e580000 - 0x00007ffb8e6b7000 	C:\WINDOWS\SYSTEM32\WINHTTP.dll
0x00007ffb97170000 - 0x00007ffb971d9000 	C:\WINDOWS\system32\mswsock.dll
0x00007ffb7b2d0000 - 0x00007ffb7b2e6000 	C:\Program Files\java\jdk-17\bin\nio.dll
0x00007ffb760e0000 - 0x00007ffb760fa000 	C:\Program Files\JetBrains\IntelliJ IDEA Community Edition 2022.3.2\bin\breakgen64.dll
0x00007ffb7e270000 - 0x00007ffb7e280000 	C:\Program Files\Java\jdk-17\bin\verify.dll
0x00007ffb69360000 - 0x00007ffb694f1000 	C:\Program Files\java\jdk-17\bin\awt.dll
0x00007ffb948a0000 - 0x00007ffb94937000 	C:\WINDOWS\SYSTEM32\apphelp.dll

dbghelp: loaded successfully - version: 4.0.5 - missing functions: none
symbol engine: initialized successfully - sym options: 0x614 - pdb path: .;C:\Program Files\Java\jdk-17\bin;C:\WINDOWS\SYSTEM32;C:\WINDOWS\WinSxS\amd64_microsoft.windows.common-controls_6595b64144ccf1df_6.0.22621.1635_none_270f70857386168e;C:\Program Files\Java\jdk-17\bin\server;C:\Program Files\JetBrains\IntelliJ IDEA Community Edition 2022.3.2\bin

VM Arguments:
jvm_args: -ea -Didea.test.cyclic.buffer.size=1048576 -javaagent:C:\Program Files\JetBrains\IntelliJ IDEA Community Edition 2022.3.2\lib\idea_rt.jar=64669:C:\Program Files\JetBrains\IntelliJ IDEA Community Edition 2022.3.2\bin -Dfile.encoding=UTF-8 
java_command: com.intellij.rt.junit.JUnitStarter -ideVersion5 -junit5 renderer.ReflectionRefractionTests
java_class_path (initial): C:\Users\sapir\.m2\repository\org\junit\platform\junit-platform-launcher\1.8.1\junit-platform-launcher-1.8.1.jar;C:\Users\sapir\.m2\repository\org\junit\platform\junit-platform-engine\1.8.1\junit-platform-engine-1.8.1.jar;C:\Users\sapir\.m2\repository\org\opentest4j\opentest4j\1.2.0\opentest4j-1.2.0.jar;C:\Users\sapir\.m2\repository\org\junit\platform\junit-platform-commons\1.8.1\junit-platform-commons-1.8.1.jar;C:\Users\sapir\.m2\repository\org\apiguardian\apiguardian-api\1.1.2\apiguardian-api-1.1.2.jar;C:\Users\sapir\.m2\repository\org\junit\vintage\junit-vintage-engine\5.8.1\junit-vintage-engine-5.8.1.jar;C:\Program Files\JetBrains\IntelliJ IDEA Community Edition 2022.3.2\lib\idea_rt.jar;C:\Program Files\JetBrains\IntelliJ IDEA Community Edition 2022.3.2\plugins\junit\lib\junit5-rt.jar;C:\Program Files\JetBrains\IntelliJ IDEA Community Edition 2022.3.2\plugins\junit\lib\junit-rt.jar;C:\Users\sapir\IdeaProjects\ISE5783_3368_0044\out\test\ISE5783_3368_0044;C:\Users\sapir\IdeaProjects\ISE5783_3368_0044\out\production\ISE5783_3368_0044;C:\Users\sapir\IdeaProjects\ISE5783_3368_0044\lib\junit-4.13.1.jar;C:\Users\sapir\IdeaProjects\ISE5783_3368_0044\lib\hamcrest-core-1.3.jar;C:\Users\sapir\IdeaProjects\ISE5783_3368_0044\lib\junit-jupiter-5.8.1.jar;C:\Users\sapir\IdeaProjects\ISE5783_3368_0044\lib\junit-jupiter-api-5.8.1.jar;C:\Users\sapir\IdeaProjects\ISE5783_3368_0044\lib\opentest4j-1.2.0.jar;C:\Users\sapir\IdeaProjects\ISE5783_3368_0044\lib\junit-platform-commons-1.8.1.jar;C:\Users\sapir\IdeaProjects\ISE5783_3368_0044\lib\apiguardian-api-1.1.2.jar;C:\Users\sapir\IdeaProjects\ISE5783_3368_0044\lib\junit-jupiter-params-5.8.1.jar;C:\Users\sapir\IdeaProjects\ISE5783_3368_0044\lib\junit-jupiter-engine-5.8.1.jar;C:\Users\sapir\IdeaProjects\ISE5783_3368_0044\lib\junit-platform-engine-1.8.1.jar;C:\Users\sapir\IdeaProjects\ISE5783_3368_0044\lib\testng-7.1.0.jar;C:\Users\sapir\IdeaProjects\ISE5783_3368_0044\lib\jcommander-1.72.jar;C:\Users\sapir\Ide
Launcher Type: SUN_STANDARD

[Global flags]
     intx CICompilerCount                          = 12                                        {product} {ergonomic}
     uint ConcGCThreads                            = 3                                         {product} {ergonomic}
     uint G1ConcRefinementThreads                  = 13                                        {product} {ergonomic}
   size_t G1HeapRegionSize                         = 2097152                                   {product} {ergonomic}
    uintx GCDrainStackTargetSize                   = 64                                        {product} {ergonomic}
   size_t InitialHeapSize                          = 257949696                                 {product} {ergonomic}
   size_t MarkStackSize                            = 4194304                                   {product} {ergonomic}
   size_t MaxHeapSize                              = 4125097984                                {product} {ergonomic}
   size_t MaxNewSize                               = 2474639360                                {product} {ergonomic}
   size_t MinHeapDeltaBytes                        = 2097152                                   {product} {ergonomic}
   size_t MinHeapSize                              = 8388608                                   {product} {ergonomic}
    uintx NonNMethodCodeHeapSize                   = 7602480                                {pd product} {ergonomic}
    uintx NonProfiledCodeHeapSize                  = 122027880                              {pd product} {ergonomic}
    uintx ProfiledCodeHeapSize                     = 122027880                              {pd product} {ergonomic}
    uintx ReservedCodeCacheSize                    = 251658240                              {pd product} {ergonomic}
     bool SegmentedCodeCache                       = true                                      {product} {ergonomic}
   size_t SoftMaxHeapSize                          = 4125097984                             {manageable} {ergonomic}
     bool UseCompressedClassPointers               = true                           {product lp64_product} {ergonomic}
     bool UseCompressedOops                        = true                           {product lp64_product} {ergonomic}
     bool UseG1GC                                  = true                                      {product} {ergonomic}
     bool UseLargePagesIndividualAllocation        = false                                  {pd product} {ergonomic}

Logging:
Log output configuration:
 #0: stdout all=warning uptime,level,tags
 #1: stderr all=off uptime,level,tags

Environment Variables:
JAVA_HOME=C:\Program Files\java\jdk-17
PATH=C:\Program Files\Common Files\Oracle\Java\javapath;C:\Program Files (x86)\Common Files\Oracle\Java\javapath;C:\Windows\system32;C:\Windows;C:\Windows\System32\Wbem;C:\Windows\System32\WindowsPowerShell\v1.0\;C:\Windows\System32\OpenSSH\;C:\Program Files\Microsoft SQL Server\150\Tools\Binn\;C:\Program Files\dotnet\;C:\Program Files\Git\cmd;C:\WINDOWS\system32;C:\WINDOWS;C:\WINDOWS\System32\Wbem;C:\WINDOWS\System32\WindowsPowerShell\v1.0\;C:\WINDOWS\System32\OpenSSH\;C:\Users\sapir\AppData\Local\Programs\Python\Python39\Scripts\;C:\Users\sapir\AppData\Local\Programs\Python\Python39\;C:\Users\sapir\AppData\Local\Microsoft\WindowsApps;C:\Program Files\JetBrains\PyCharm Community Edition 2022.2\bin;;C:\Users\sapir\.dotnet\tools;C:\Program Files\java\jdk-17\bin;
USERNAME=sapir
OS=Windows_NT
PROCESSOR_IDENTIFIER=AMD64 Family 23 Model 104 Stepping 1, AuthenticAMD



---------------  S Y S T E M  ---------------

OS:
 Windows 11 , 64 bit Build 22621 (10.0.22621.1635)
OS uptime: 3 days 17:50 hours

CPU: total 16 (initial active 16) (16 cores per cpu, 2 threads per core) family 23 model 104 stepping 1 microcode 0x0, cx8, cmov, fxsr, ht, mmx, 3dnowpref, sse, sse2, sse3, ssse3, sse4a, sse4.1, sse4.2, popcnt, lzcnt, tsc, tscinvbit, avx, avx2, aes, clmul, bmi1, bmi2, adx, sha, fma, vzeroupper, clflush, clflushopt

Memory: 4k page, system-wide physical 15734M (6200M free)
TotalPageFile size 18166M (AvailPageFile size 3415M)
current process WorkingSet (physical memory assigned to process): 148M, peak: 150M
current process commit charge ("private bytes"): 388M, peak: 389M

vm_info: Java HotSpot(TM) 64-Bit Server VM (17.0.6+9-LTS-190) for windows-amd64 JRE (17.0.6+9-LTS-190), built on Dec  6 2022 15:53:54 by "mach5one" with MS VC++ 17.1 (VS2022)

END.
